#
# A fatal error has been detected by the Java Runtime Environment:
#
#  EXCEPTION_ACCESS_VIOLATION (0xc0000005) at pc=0x00007ffd7bbd54f6, pid=18988, tid=5596
#
# JRE version: OpenJDK Runtime Environment (11.0.8+10) (build 11.0.8+10-b944.6842174)
# Java VM: OpenJDK 64-Bit Server VM (11.0.8+10-b944.6842174, mixed mode, tiered, compressed oops, g1 gc, windows-amd64)
# Problematic frame:
# V  [jvm.dll+0x5154f6]
#
# No core dump will be written. Minidumps are not enabled by default on client versions of Windows
#
# If you would like to submit a bug report, please visit:
#   https://bugreport.java.com/bugreport/crash.jsp
#

---------------  S U M M A R Y ------------

Command Line: --add-opens=java.base/java.util=ALL-UNNAMED --add-opens=java.base/java.lang=ALL-UNNAMED --add-opens=java.base/java.lang.invoke=ALL-UNNAMED --add-opens=java.prefs/java.util.prefs=ALL-UNNAMED -Xmx2048m -Dfile.encoding=UTF-8 -Duser.country=ID -Duser.language=en -Duser.variant org.gradle.launcher.daemon.bootstrap.GradleDaemon 6.5

Host: Intel(R) Core(TM) i5-8250U CPU @ 1.60GHz, 8 cores, 11G,  Windows 10 , 64 bit Build 19041 (10.0.19041.1023)
Time: Wed Aug  4 20:49:23 2021 Malay Peninsula Standard Time elapsed time: 20 seconds (0d 0h 0m 20s)

---------------  T H R E A D  ---------------

Current thread (0x000001df836cf800):  JavaThread "C2 CompilerThread1" daemon [_thread_in_native, id=5596, stack(0x000000d3f0400000,0x000000d3f0500000)]


Current CompileTask:
C2:  20399 10602       4       sun.java2d.marlin.DRenderer::_endRendering (2480 bytes)

Stack: [0x000000d3f0400000,0x000000d3f0500000],  sp=0x000000d3f04fbb00,  free space=1006k
Native frames: (J=compiled Java code, j=interpreted, Vv=VM code, C=native code)
V  [jvm.dll+0x5154f6]
V  [jvm.dll+0x1965b7]
V  [jvm.dll+0x19392a]
V  [jvm.dll+0x1f780e]
V  [jvm.dll+0x1f68d4]
V  [jvm.dll+0x17f32c]
V  [jvm.dll+0x205047]
V  [jvm.dll+0x203891]
V  [jvm.dll+0x6dad3f]
V  [jvm.dll+0x6d3895]
V  [jvm.dll+0x5dd4a6]
C  [ucrtbase.dll+0x21bb2]
C  [KERNEL32.DLL+0x17034]
C  [ntdll.dll+0x52651]


siginfo: EXCEPTION_ACCESS_VIOLATION (0xc0000005), reading address 0x000001df914240b0


Register to memory mapping:

RIP=0x00007ffd7bbd54f6 jvm.dll
RAX=0x000001df914240b0 is an unknown value
RBX=0x000001df81424018 points into unknown readable memory: 88 ed e1 7b fd 7f 00 00
RCX=0x000001df81424018 points into unknown readable memory: 88 ed e1 7b fd 7f 00 00
RDX=0x0000000000000034 is an unknown value
RSP=0x000000d3f04fbb00 is pointing into the stack for thread: 0x000001df836cf800
RBP=0xffffffffffffffff is an unknown value
RSI=0x000000d3f04fc030 is pointing into the stack for thread: 0x000001df836cf800
RDI=0x0 is NULL
R8 =
[error occurred during error reporting (printing register info), id 0xc0000005, EXCEPTION_ACCESS_VIOLATION (0xc0000005) at pc=0x00007ffd7b997297]

Registers:
RAX=0x000001df914240b0, RBX=0x000001df81424018, RCX=0x000001df81424018, RDX=0x0000000000000034
RSP=0x000000d3f04fbb00, RBP=0xffffffffffffffff, RSI=0x000000d3f04fc030, RDI=0x0000000000000000
R8 =0x00000000ffffffff, R9 =0x0000000000000000, R10=0x000001df8848fe40, R11=0x000000000000001a
R12=0x0000000000000001, R13=0x0000000000000001, R14=0x000001df81424018, R15=0x000001df88efd5c0
RIP=0x00007ffd7bbd54f6, EFLAGS=0x0000000000010283

Top of Stack: (sp=0x000000d3f04fbb00)
0x000000d3f04fbb00:   000001df8366a618 ffffffffffffffff
0x000000d3f04fbb10:   000001df81d80f10 0000000000000000
0x000000d3f04fbb20:   000001df8848ff90 00007ffd7b8565b7
0x000000d3f04fbb30:   000001df8848fdb0 000001df8848fde8
0x000000d3f04fbb40:   000001df8848fdb0 00007ffd7c039b90
0x000000d3f04fbb50:   0000000800000005 000000d300000002
0x000000d3f04fbb60:   000001df88efd5c0 00007ffd7bcc7fd6
0x000000d3f04fbb70:   0000000000000000 0000000000000000
0x000000d3f04fbb80:   000000d3f04fbc90 000001df81d812f0
0x000000d3f04fbb90:   000001df81d81300 0000000000000008
0x000000d3f04fbba0:   00000000000003d8 000000d3f04fbcd0
0x000000d3f04fbbb0:   000001df81d816d8 000000d3f04fc118
0x000000d3f04fbbc0:   000000d3f04fc030 00007ffd7b85392a
0x000000d3f04fbbd0:   000000d3f04fc030 000000d3f04fbc00
0x000000d3f04fbbe0:   000000d3f04fc100 000001dfffffffff
0x000000d3f04fbbf0:   000000d3f04fbd00 00007ffd7bc87554 

Instructions: (pc=0x00007ffd7bbd54f6)
0x00007ffd7bbd53f6:   81 f9 ff 6b ca 88 48 0f 44 05 84 38 50 00 48 83
0x00007ffd7bbd5406:   c4 20 5b c3 48 83 f9 ff 75 0d 48 8b 05 71 38 50
0x00007ffd7bbd5416:   00 48 83 c4 20 5b c3 48 8b 01 ff 50 28 48 8b cb
0x00007ffd7bbd5426:   4c 8b c0 83 78 10 06 48 0f 44 c8 48 85 c9 74 13
0x00007ffd7bbd5436:   39 1d 4c 76 48 00 75 0b 48 8b c8 e8 fa cb c7 ff
0x00007ffd7bbd5446:   4c 8b c0 41 83 78 10 07 48 8b c3 49 0f 44 c0 48
0x00007ffd7bbd5456:   85 c0 74 13 39 1d 38 76 48 00 75 0b 49 8b c8 e8
0x00007ffd7bbd5466:   d6 cb c7 ff 4c 8b c0 41 8b 40 10 83 f8 04 48 8b
0x00007ffd7bbd5476:   54 24 38 49 0f 44 d8 48 85 db 74 1b 48 85 d2 74
0x00007ffd7bbd5486:   16 48 81 fa ff 6b ca 88 74 0d 48 8b 05 f9 37 50
0x00007ffd7bbd5496:   00 48 83 c4 20 5b c3 83 c0 f1 83 f8 06 0f 87 67
0x00007ffd7bbd54a6:   ff ff ff 49 8b 00 49 8b c8 48 83 c4 20 5b 48 ff
0x00007ffd7bbd54b6:   a0 b8 00 00 00 48 83 c4 20 5b c3 cc cc cc cc cc
0x00007ffd7bbd54c6:   cc cc cc cc cc cc cc cc cc cc 40 53 48 83 ec 20
0x00007ffd7bbd54d6:   81 b9 90 00 00 00 e7 03 00 00 48 8b d9 75 0d 48
0x00007ffd7bbd54e6:   8b 05 64 38 50 00 48 83 c4 20 5b c3 48 8b 41 08
0x00007ffd7bbd54f6:   48 8b 08 48 8b 01 ff 50 28 83 78 10 08 75 16 8b
0x00007ffd7bbd5506:   4b 30 3b 48 18 73 0e 48 8b 40 20 48 8b 04 c8 48
0x00007ffd7bbd5516:   83 c4 20 5b c3 8b 83 90 00 00 00 48 8d 0d b8 37
0x00007ffd7bbd5526:   50 00 48 8b 04 c1 48 83 c4 20 5b c3 cc cc cc cc
0x00007ffd7bbd5536:   cc cc cc cc cc cc cc cc cc cc 48 83 ec 28 ba b7
0x00007ffd7bbd5546:   00 00 00 48 8d 0d 98 01 33 00 e8 3b 90 d2 ff e8
0x00007ffd7bbd5556:   66 8a 0c 00 33 c0 48 83 c4 28 c3 cc cc cc cc cc
0x00007ffd7bbd5566:   cc cc cc cc cc cc cc cc cc cc 48 8b 42 70 48 39
0x00007ffd7bbd5576:   41 70 75 25 48 8b 82 88 00 00 00 48 39 81 88 00
0x00007ffd7bbd5586:   00 00 75 15 0f b6 82 90 00 00 00 38 81 90 00 00
0x00007ffd7bbd5596:   00 75 06 b8 01 00 00 00 c3 33 c0 c3 cc cc cc cc
0x00007ffd7bbd55a6:   cc cc cc cc cc cc cc cc cc cc 48 8b 52 70 33 c0
0x00007ffd7bbd55b6:   48 39 51 70 0f 94 c0 c3 cc cc 48 8b 42 70 48 39
0x00007ffd7bbd55c6:   41 70 75 33 48 8b 81 88 00 00 00 4c 8b 82 88 00
0x00007ffd7bbd55d6:   00 00 4c 2b c0 0f 1f 44 00 00 0f b6 10 42 0f b6
0x00007ffd7bbd55e6:   0c 00 2b d1 75 07 48 ff c0 85 c9 75 ed 85 d2 75 


Stack slot to memory mapping:
stack at sp + 0 slots: 0x000001df8366a618 points into unknown readable memory: 60 ba f2 7b fd 7f 00 00
stack at sp + 1 slots: 0xffffffffffffffff is an unknown value
stack at sp + 2 slots: 0x000001df81d80f10 points into unknown readable memory: c8 e7 4f f0 d3 00 00 00
stack at sp + 3 slots: 0x0 is NULL
stack at sp + 4 slots: 0x000001df8848ff90 points into unknown readable memory: 00 00 00 00 00 00 00 00
stack at sp + 5 slots: 0x00007ffd7b8565b7 jvm.dll
stack at sp + 6 slots: 0x000001df8848fdb0 points into unknown readable memory: 00 00 00 00 00 00 00 00
stack at sp + 7 slots: 0x000001df8848fde8 points into unknown readable memory: ff fc ff 0f 00 00 00 00


---------------  P R O C E S S  ---------------

Threads class SMR info:
_java_thread_list=0x000001df8a54b760, length=154, elements={
0x000001dfe4623000, 0x000001dfff183800, 0x000001dfff18c800, 0x000001dfff1d5800,
0x000001dfff1d6800, 0x000001dfff1d9000, 0x000001dfff1de000, 0x000001dfff1e3000,
0x000001dfff33d800, 0x000001dfff33e800, 0x000001df80ebf800, 0x000001df80642800,
0x000001df80cb2000, 0x000001df80c9c000, 0x000001df80d76800, 0x000001df80f30800,
0x000001df81d56000, 0x000001dfffd17000, 0x000001df80d9c800, 0x000001df80bdc800,
0x000001df8128e800, 0x000001df8128d000, 0x000001df81290000, 0x000001df8128e000,
0x000001df8128f800, 0x000001df8128c000, 0x000001df81291000, 0x000001df8128b800,
0x000001df81292000, 0x000001df8421c000, 0x000001df84221000, 0x000001df84220000,
0x000001df84222000, 0x000001df84222800, 0x000001df8421f800, 0x000001df8421d000,
0x000001df84223800, 0x000001df8421e000, 0x000001df84227800, 0x000001df84225000,
0x000001df84229000, 0x000001df8422a000, 0x000001df84228800, 0x000001df84224800,
0x000001df8422b000, 0x000001df84226000, 0x000001df84226800, 0x000001dfffc93800,
0x000001dfffc94800, 0x000001dfffc92000, 0x000001dfffc96000, 0x000001dfffc93000,
0x000001dfffc98800, 0x000001dfffc9a000, 0x000001dfffc99800, 0x000001dfffc9b000,
0x000001dfffc97000, 0x000001dfffc97800, 0x000001dfffc95800, 0x000001dfffca0800,
0x000001dfffc9c000, 0x000001dfffca0000, 0x000001dfffc9c800, 0x000001dfffc9f000,
0x000001dfffc9d800, 0x000001dfffc9e800, 0x000001df81950000, 0x000001df8194e800,
0x000001df8194f000, 0x000001df8194a800, 0x000001df8194d800, 0x000001df81951000,
0x000001df8194b000, 0x000001df81951800, 0x000001df8194c800, 0x000001df8194c000,
0x000001df81952800, 0x000001df81958000, 0x000001df81959000, 0x000001df81955800,
0x000001df81953000, 0x000001df81956800, 0x000001df81957800, 0x000001df81954000,
0x000001df81955000, 0x000001df81f55800, 0x000001df81f56800, 0x000001df81f54000,
0x000001df81f57000, 0x000001df81f54800, 0x000001df81f58000, 0x000001df81f59000,
0x000001df81f53000, 0x000001df81f5e800, 0x000001df81f5f800, 0x000001df81f5d800,
0x000001df81f5b000, 0x000001df81f5d000, 0x000001df81f59800, 0x000001df81f5c000,
0x000001df81f60000, 0x000001df81f5a800, 0x000001df81f61800, 0x000001df81f61000,
0x000001df81383000, 0x000001df81384000, 0x000001df8137e000, 0x000001df81384800,
0x000001df81381800, 0x000001df8137f000, 0x000001df81385800, 0x000001df81380000,
0x000001df81386800, 0x000001df81380800, 0x000001df81387000, 0x000001df81382000,
0x000001df81389800, 0x000001df8138d000, 0x000001df81388000, 0x000001df8138a800,
0x000001df8138b000, 0x000001df81389000, 0x000001df8138c000, 0x000001df83ecd000,
0x000001df83ecb000, 0x000001df83ecf800, 0x000001df83ed1800, 0x000001df83ecd800,
0x000001df83ed1000, 0x000001df83ece800, 0x000001df83ed0000, 0x000001df83ecc000,
0x000001df836cf800, 0x000001df83ed3800, 0x000001df83ed6000, 0x000001df83ed7800,
0x000001df83ed8800, 0x000001df83ed6800, 0x000001df83ed2800, 0x000001df83ed9000,
0x000001df83eda000, 0x000001df83ed4000, 0x000001df83ed5000, 0x000001df85247000,
0x000001df85248000, 0x000001df85244800, 0x000001df85249800, 0x000001df85245800,
0x000001df85244000, 0x000001df83814800, 0x000001df85248800, 0x000001df8524a800,
0x000001df85246000, 0x000001df85251000
}

Java Threads: ( => current thread )
  0x000001dfe4623000 JavaThread "main" [_thread_blocked, id=19036, stack(0x000000d3ee900000,0x000000d3eea00000)]
  0x000001dfff183800 JavaThread "Reference Handler" daemon [_thread_blocked, id=19064, stack(0x000000d3ef000000,0x000000d3ef100000)]
  0x000001dfff18c800 JavaThread "Finalizer" daemon [_thread_blocked, id=19068, stack(0x000000d3ef100000,0x000000d3ef200000)]
  0x000001dfff1d5800 JavaThread "Signal Dispatcher" daemon [_thread_blocked, id=19072, stack(0x000000d3ef200000,0x000000d3ef300000)]
  0x000001dfff1d6800 JavaThread "Attach Listener" daemon [_thread_blocked, id=19076, stack(0x000000d3ef300000,0x000000d3ef400000)]
  0x000001dfff1d9000 JavaThread "C2 CompilerThread0" daemon [_thread_in_native, id=19080, stack(0x000000d3ef400000,0x000000d3ef500000)]
  0x000001dfff1de000 JavaThread "C1 CompilerThread0" daemon [_thread_in_vm, id=19084, stack(0x000000d3ef500000,0x000000d3ef600000)]
  0x000001dfff1e3000 JavaThread "Sweeper thread" daemon [_thread_blocked, id=19088, stack(0x000000d3ef600000,0x000000d3ef700000)]
  0x000001dfff33d800 JavaThread "Common-Cleaner" daemon [_thread_blocked, id=19092, stack(0x000000d3ef700000,0x000000d3ef800000)]
  0x000001dfff33e800 JavaThread "Service Thread" daemon [_thread_blocked, id=19096, stack(0x000000d3ef800000,0x000000d3ef900000)]
  0x000001df80ebf800 JavaThread "Daemon health stats" [_thread_blocked, id=19128, stack(0x000000d3eff00000,0x000000d3f0000000)]
  0x000001df80642800 JavaThread "Incoming local TCP Connector on port 1133" [_thread_in_native, id=19140, stack(0x000000d3f0000000,0x000000d3f0100000)]
  0x000001df80cb2000 JavaThread "Daemon periodic checks" [_thread_blocked, id=19144, stack(0x000000d3f0100000,0x000000d3f0200000)]
  0x000001df80c9c000 JavaThread "Daemon" [_thread_blocked, id=19148, stack(0x000000d3f0200000,0x000000d3f0300000)]
  0x000001df80d76800 JavaThread "Handler for socket connection from /127.0.0.1:1133 to /127.0.0.1:1134" [_thread_in_native, id=19152, stack(0x000000d3f0300000,0x000000d3f0400000)]
  0x000001df80f30800 JavaThread "Cancel handler" [_thread_blocked, id=19160, stack(0x000000d3f0500000,0x000000d3f0600000)]
  0x000001df81d56000 JavaThread "Daemon worker" [_thread_blocked, id=19164, stack(0x000000d3f0600000,0x000000d3f0700000)]
  0x000001dfffd17000 JavaThread "Asynchronous log dispatcher for DefaultDaemonConnection: socket connection from /127.0.0.1:1133 to /127.0.0.1:1134" [_thread_blocked, id=19184, stack(0x000000d3f0700000,0x000000d3f0800000)]
  0x000001df80d9c800 JavaThread "Stdin handler" [_thread_blocked, id=19188, stack(0x000000d3f0800000,0x000000d3f0900000)]
  0x000001df80bdc800 JavaThread "Thread-8" [_thread_blocked, id=19192, stack(0x000000d3f0900000,0x000000d3f0a00000)]
  0x000001df8128e800 JavaThread "Cache worker for journal cache (C:\Users\HP\.gradle\caches\journal-1)" [_thread_blocked, id=19196, stack(0x000000d3f0a00000,0x000000d3f0b00000)]
  0x000001df8128d000 JavaThread "File lock request listener" [_thread_in_native, id=19200, stack(0x000000d3f0b00000,0x000000d3f0c00000)]
  0x000001df81290000 JavaThread "Cache worker for file hash cache (C:\Users\HP\.gradle\caches\6.5\fileHashes)" [_thread_blocked, id=19204, stack(0x000000d3f0c00000,0x000000d3f0d00000)]
  0x000001df8128e000 JavaThread "Cache worker for file hash cache (F:\6) POLITEKNIK NEGERI UJUNG PANDANG\1. TUGAS\PKM\2) PROJECT 2\PROJECT\SHARE_18\source_files\.gradle\6.5\fileHashes)" [_thread_blocked, id=19240, stack(0x000000d3f1300000,0x000000d3f1400000)]
  0x000001df8128f800 JavaThread "Cache worker for checksums cache (F:\6) POLITEKNIK NEGERI UJUNG PANDANG\1. TUGAS\PKM\2) PROJECT 2\PROJECT\SHARE_18\source_files\.gradle\checksums)" [_thread_blocked, id=19244, stack(0x000000d3f1400000,0x000000d3f1500000)]
  0x000001df8128c000 JavaThread "Cache worker for cache directory md-supplier (C:\Users\HP\.gradle\caches\6.5\md-supplier)" [_thread_blocked, id=19248, stack(0x000000d3f1500000,0x000000d3f1600000)]
  0x000001df81291000 JavaThread "Cache worker for cache directory md-rule (C:\Users\HP\.gradle\caches\6.5\md-rule)" [_thread_blocked, id=19252, stack(0x000000d3f1600000,0x000000d3f1700000)]
  0x000001df8128b800 JavaThread "Cache worker for execution history cache (C:\Users\HP\.gradle\caches\6.5\executionHistory)" [_thread_blocked, id=19256, stack(0x000000d3f1700000,0x000000d3f1800000)]
  0x000001df81292000 JavaThread "jar transforms" [_thread_blocked, id=19260, stack(0x000000d3f1800000,0x000000d3f1900000)]
  0x000001df8421c000 JavaThread "Cache worker for file content cache (C:\Users\HP\.gradle\caches\6.5\fileContent)" [_thread_blocked, id=19264, stack(0x000000d3f1900000,0x000000d3f1a00000)]
  0x000001df84221000 JavaThread "Build operations" [_thread_blocked, id=19272, stack(0x000000d3f1a00000,0x000000d3f1b00000)]
  0x000001df84220000 JavaThread "Build operations Thread 2" [_thread_blocked, id=19276, stack(0x000000d3f1b00000,0x000000d3f1c00000)]
  0x000001df84222000 JavaThread "Build operations Thread 3" [_thread_blocked, id=19280, stack(0x000000d3f1c00000,0x000000d3f1d00000)]
  0x000001df84222800 JavaThread "Build operations Thread 4" [_thread_blocked, id=19284, stack(0x000000d3f1d00000,0x000000d3f1e00000)]
  0x000001df8421f800 JavaThread "Build operations Thread 5" [_thread_blocked, id=19288, stack(0x000000d3f1e00000,0x000000d3f1f00000)]
  0x000001df8421d000 JavaThread "Build operations Thread 6" [_thread_blocked, id=19292, stack(0x000000d3f1f00000,0x000000d3f2000000)]
  0x000001df84223800 JavaThread "Build operations Thread 7" [_thread_blocked, id=19296, stack(0x000000d3f2000000,0x000000d3f2100000)]
  0x000001df8421e000 JavaThread "Build operations Thread 8" [_thread_blocked, id=19300, stack(0x000000d3f2100000,0x000000d3f2200000)]
  0x000001df84227800 JavaThread "jar transforms Thread 2" [_thread_blocked, id=19304, stack(0x000000d3f2200000,0x000000d3f2300000)]
  0x000001df84225000 JavaThread "jar transforms Thread 3" [_thread_blocked, id=19308, stack(0x000000d3f2300000,0x000000d3f2400000)]
  0x000001df84229000 JavaThread "jar transforms Thread 4" [_thread_blocked, id=19312, stack(0x000000d3f2400000,0x000000d3f2500000)]
  0x000001df8422a000 JavaThread "jar transforms Thread 5" [_thread_blocked, id=19316, stack(0x000000d3f2500000,0x000000d3f2600000)]
  0x000001df84228800 JavaThread "jar transforms Thread 6" [_thread_blocked, id=19320, stack(0x000000d3f2600000,0x000000d3f2700000)]
  0x000001df84224800 JavaThread "jar transforms Thread 7" [_thread_blocked, id=19324, stack(0x000000d3f2700000,0x000000d3f2800000)]
  0x000001df8422b000 JavaThread "jar transforms Thread 8" [_thread_blocked, id=19328, stack(0x000000d3f2800000,0x000000d3f2900000)]
  0x000001df84226000 JavaThread "jar transforms Thread 9" [_thread_blocked, id=19332, stack(0x000000d3f2900000,0x000000d3f2a00000)]
  0x000001df84226800 JavaThread "jar transforms Thread 10" [_thread_blocked, id=19336, stack(0x000000d3f2a00000,0x000000d3f2b00000)]
  0x000001dfffc93800 JavaThread "jar transforms Thread 11" [_thread_blocked, id=19340, stack(0x000000d3f2b00000,0x000000d3f2c00000)]
  0x000001dfffc94800 JavaThread "jar transforms Thread 12" [_thread_blocked, id=19344, stack(0x000000d3f2c00000,0x000000d3f2d00000)]
  0x000001dfffc92000 JavaThread "jar transforms Thread 13" [_thread_blocked, id=19348, stack(0x000000d3f2d00000,0x000000d3f2e00000)]
  0x000001dfffc96000 JavaThread "jar transforms Thread 14" [_thread_blocked, id=19352, stack(0x000000d3f2e00000,0x000000d3f2f00000)]
  0x000001dfffc93000 JavaThread "jar transforms Thread 15" [_thread_blocked, id=19356, stack(0x000000d3f2f00000,0x000000d3f3000000)]
  0x000001dfffc98800 JavaThread "jar transforms Thread 16" [_thread_blocked, id=19360, stack(0x000000d3f3000000,0x000000d3f3100000)]
  0x000001dfffc9a000 JavaThread "jar transforms Thread 17" [_thread_blocked, id=19364, stack(0x000000d3f3100000,0x000000d3f3200000)]
  0x000001dfffc99800 JavaThread "jar transforms Thread 18" [_thread_blocked, id=19368, stack(0x000000d3f3200000,0x000000d3f3300000)]
  0x000001dfffc9b000 JavaThread "jar transforms Thread 19" [_thread_blocked, id=19372, stack(0x000000d3f3300000,0x000000d3f3400000)]
  0x000001dfffc97000 JavaThread "jar transforms Thread 20" [_thread_blocked, id=19376, stack(0x000000d3f3400000,0x000000d3f3500000)]
  0x000001dfffc97800 JavaThread "jar transforms Thread 21" [_thread_blocked, id=19380, stack(0x000000d3f3500000,0x000000d3f3600000)]
  0x000001dfffc95800 JavaThread "jar transforms Thread 22" [_thread_blocked, id=19384, stack(0x000000d3f3600000,0x000000d3f3700000)]
  0x000001dfffca0800 JavaThread "jar transforms Thread 23" [_thread_blocked, id=19388, stack(0x000000d3f3700000,0x000000d3f3800000)]
  0x000001dfffc9c000 JavaThread "jar transforms Thread 24" [_thread_blocked, id=19392, stack(0x000000d3f3800000,0x000000d3f3900000)]
  0x000001dfffca0000 JavaThread "jar transforms Thread 25" [_thread_blocked, id=19396, stack(0x000000d3f3900000,0x000000d3f3a00000)]
  0x000001dfffc9c800 JavaThread "jar transforms Thread 26" [_thread_blocked, id=19400, stack(0x000000d3f3a00000,0x000000d3f3b00000)]
  0x000001dfffc9f000 JavaThread "jar transforms Thread 27" [_thread_blocked, id=19404, stack(0x000000d3f3b00000,0x000000d3f3c00000)]
  0x000001dfffc9d800 JavaThread "jar transforms Thread 28" [_thread_blocked, id=19408, stack(0x000000d3f3c00000,0x000000d3f3d00000)]
  0x000001dfffc9e800 JavaThread "jar transforms Thread 29" [_thread_blocked, id=19412, stack(0x000000d3f3d00000,0x000000d3f3e00000)]
  0x000001df81950000 JavaThread "jar transforms Thread 30" [_thread_blocked, id=19416, stack(0x000000d3f3e00000,0x000000d3f3f00000)]
  0x000001df8194e800 JavaThread "jar transforms Thread 31" [_thread_blocked, id=19420, stack(0x000000d3f3f00000,0x000000d3f4000000)]
  0x000001df8194f000 JavaThread "jar transforms Thread 32" [_thread_blocked, id=19424, stack(0x000000d3f4000000,0x000000d3f4100000)]
  0x000001df8194a800 JavaThread "jar transforms Thread 33" [_thread_blocked, id=19428, stack(0x000000d3f4100000,0x000000d3f4200000)]
  0x000001df8194d800 JavaThread "jar transforms Thread 34" [_thread_blocked, id=19432, stack(0x000000d3f4200000,0x000000d3f4300000)]
  0x000001df81951000 JavaThread "jar transforms Thread 35" [_thread_blocked, id=19436, stack(0x000000d3f4300000,0x000000d3f4400000)]
  0x000001df8194b000 JavaThread "jar transforms Thread 36" [_thread_blocked, id=19440, stack(0x000000d3f4400000,0x000000d3f4500000)]
  0x000001df81951800 JavaThread "jar transforms Thread 37" [_thread_blocked, id=19444, stack(0x000000d3f4500000,0x000000d3f4600000)]
  0x000001df8194c800 JavaThread "jar transforms Thread 38" [_thread_blocked, id=19448, stack(0x000000d3f4600000,0x000000d3f4700000)]
  0x000001df8194c000 JavaThread "jar transforms Thread 39" [_thread_blocked, id=19452, stack(0x000000d3f4700000,0x000000d3f4800000)]
  0x000001df81952800 JavaThread "jar transforms Thread 40" [_thread_blocked, id=11160, stack(0x000000d3f4800000,0x000000d3f4900000)]
  0x000001df81958000 JavaThread "jar transforms Thread 41" [_thread_blocked, id=5032, stack(0x000000d3f4900000,0x000000d3f4a00000)]
  0x000001df81959000 JavaThread "jar transforms Thread 42" [_thread_blocked, id=17872, stack(0x000000d3f4a00000,0x000000d3f4b00000)]
  0x000001df81955800 JavaThread "jar transforms Thread 43" [_thread_blocked, id=12328, stack(0x000000d3f4b00000,0x000000d3f4c00000)]
  0x000001df81953000 JavaThread "jar transforms Thread 44" [_thread_blocked, id=18504, stack(0x000000d3f4c00000,0x000000d3f4d00000)]
  0x000001df81956800 JavaThread "jar transforms Thread 45" [_thread_blocked, id=18512, stack(0x000000d3f4d00000,0x000000d3f4e00000)]
  0x000001df81957800 JavaThread "jar transforms Thread 46" [_thread_blocked, id=18488, stack(0x000000d3f4e00000,0x000000d3f4f00000)]
  0x000001df81954000 JavaThread "jar transforms Thread 47" [_thread_blocked, id=18496, stack(0x000000d3f4f00000,0x000000d3f5000000)]
  0x000001df81955000 JavaThread "jar transforms Thread 48" [_thread_blocked, id=18524, stack(0x000000d3f5000000,0x000000d3f5100000)]
  0x000001df81f55800 JavaThread "jar transforms Thread 49" [_thread_blocked, id=17236, stack(0x000000d3f5100000,0x000000d3f5200000)]
  0x000001df81f56800 JavaThread "jar transforms Thread 50" [_thread_blocked, id=16780, stack(0x000000d3f5200000,0x000000d3f5300000)]
  0x000001df81f54000 JavaThread "jar transforms Thread 51" [_thread_blocked, id=2284, stack(0x000000d3f5300000,0x000000d3f5400000)]
  0x000001df81f57000 JavaThread "jar transforms Thread 52" [_thread_blocked, id=7824, stack(0x000000d3f5400000,0x000000d3f5500000)]
  0x000001df81f54800 JavaThread "jar transforms Thread 53" [_thread_blocked, id=3476, stack(0x000000d3f5500000,0x000000d3f5600000)]
  0x000001df81f58000 JavaThread "jar transforms Thread 54" [_thread_blocked, id=18608, stack(0x000000d3f5600000,0x000000d3f5700000)]
  0x000001df81f59000 JavaThread "jar transforms Thread 55" [_thread_blocked, id=11564, stack(0x000000d3f5700000,0x000000d3f5800000)]
  0x000001df81f53000 JavaThread "jar transforms Thread 56" [_thread_blocked, id=18316, stack(0x000000d3f5800000,0x000000d3f5900000)]
  0x000001df81f5e800 JavaThread "jar transforms Thread 57" [_thread_blocked, id=2744, stack(0x000000d3f5900000,0x000000d3f5a00000)]
  0x000001df81f5f800 JavaThread "jar transforms Thread 58" [_thread_blocked, id=7300, stack(0x000000d3f5a00000,0x000000d3f5b00000)]
  0x000001df81f5d800 JavaThread "jar transforms Thread 59" [_thread_blocked, id=12332, stack(0x000000d3f5b00000,0x000000d3f5c00000)]
  0x000001df81f5b000 JavaThread "jar transforms Thread 60" [_thread_blocked, id=11904, stack(0x000000d3f5c00000,0x000000d3f5d00000)]
  0x000001df81f5d000 JavaThread "jar transforms Thread 61" [_thread_blocked, id=9664, stack(0x000000d3f5d00000,0x000000d3f5e00000)]
  0x000001df81f59800 JavaThread "jar transforms Thread 62" [_thread_blocked, id=15528, stack(0x000000d3f5e00000,0x000000d3f5f00000)]
  0x000001df81f5c000 JavaThread "jar transforms Thread 63" [_thread_blocked, id=2920, stack(0x000000d3f5f00000,0x000000d3f6000000)]
  0x000001df81f60000 JavaThread "jar transforms Thread 64" [_thread_blocked, id=9208, stack(0x000000d3f6000000,0x000000d3f6100000)]
  0x000001df81f5a800 JavaThread "jar transforms Thread 65" [_thread_blocked, id=7144, stack(0x000000d3f6100000,0x000000d3f6200000)]
  0x000001df81f61800 JavaThread "jar transforms Thread 66" [_thread_blocked, id=10940, stack(0x000000d3f6200000,0x000000d3f6300000)]
  0x000001df81f61000 JavaThread "jar transforms Thread 67" [_thread_blocked, id=8432, stack(0x000000d3f6300000,0x000000d3f6400000)]
  0x000001df81383000 JavaThread "jar transforms Thread 68" [_thread_blocked, id=12852, stack(0x000000d3f6400000,0x000000d3f6500000)]
  0x000001df81384000 JavaThread "jar transforms Thread 69" [_thread_blocked, id=14232, stack(0x000000d3f6500000,0x000000d3f6600000)]
  0x000001df8137e000 JavaThread "jar transforms Thread 70" [_thread_blocked, id=1136, stack(0x000000d3f6600000,0x000000d3f6700000)]
  0x000001df81384800 JavaThread "jar transforms Thread 71" [_thread_blocked, id=16808, stack(0x000000d3f6700000,0x000000d3f6800000)]
  0x000001df81381800 JavaThread "jar transforms Thread 72" [_thread_blocked, id=1756, stack(0x000000d3f6800000,0x000000d3f6900000)]
  0x000001df8137f000 JavaThread "jar transforms Thread 73" [_thread_blocked, id=4228, stack(0x000000d3f6900000,0x000000d3f6a00000)]
  0x000001df81385800 JavaThread "jar transforms Thread 74" [_thread_blocked, id=1408, stack(0x000000d3f6a00000,0x000000d3f6b00000)]
  0x000001df81380000 JavaThread "jar transforms Thread 75" [_thread_blocked, id=12244, stack(0x000000d3f6b00000,0x000000d3f6c00000)]
  0x000001df81386800 JavaThread "jar transforms Thread 76" [_thread_blocked, id=11572, stack(0x000000d3f6c00000,0x000000d3f6d00000)]
  0x000001df81380800 JavaThread "jar transforms Thread 77" [_thread_blocked, id=3988, stack(0x000000d3f6d00000,0x000000d3f6e00000)]
  0x000001df81387000 JavaThread "jar transforms Thread 78" [_thread_blocked, id=5904, stack(0x000000d3f6e00000,0x000000d3f6f00000)]
  0x000001df81382000 JavaThread "jar transforms Thread 79" [_thread_blocked, id=14836, stack(0x000000d3f6f00000,0x000000d3f7000000)]
  0x000001df81389800 JavaThread "jar transforms Thread 80" [_thread_blocked, id=18036, stack(0x000000d3f7000000,0x000000d3f7100000)]
  0x000001df8138d000 JavaThread "jar transforms Thread 81" [_thread_blocked, id=10276, stack(0x000000d3f7100000,0x000000d3f7200000)]
  0x000001df81388000 JavaThread "jar transforms Thread 82" [_thread_blocked, id=12540, stack(0x000000d3f7200000,0x000000d3f7300000)]
  0x000001df8138a800 JavaThread "jar transforms Thread 83" [_thread_blocked, id=3688, stack(0x000000d3f7300000,0x000000d3f7400000)]
  0x000001df8138b000 JavaThread "jar transforms Thread 84" [_thread_blocked, id=12688, stack(0x000000d3f7400000,0x000000d3f7500000)]
  0x000001df81389000 JavaThread "jar transforms Thread 85" [_thread_blocked, id=15724, stack(0x000000d3f7500000,0x000000d3f7600000)]
  0x000001df8138c000 JavaThread "jar transforms Thread 86" [_thread_blocked, id=8936, stack(0x000000d3f7600000,0x000000d3f7700000)]
  0x000001df83ecd000 JavaThread "jar transforms Thread 87" [_thread_blocked, id=15592, stack(0x000000d3f7700000,0x000000d3f7800000)]
  0x000001df83ecb000 JavaThread "jar transforms Thread 88" [_thread_blocked, id=5604, stack(0x000000d3f7800000,0x000000d3f7900000)]
  0x000001df83ecf800 JavaThread "jar transforms Thread 89" [_thread_blocked, id=2352, stack(0x000000d3f7900000,0x000000d3f7a00000)]
  0x000001df83ed1800 JavaThread "jar transforms Thread 90" [_thread_blocked, id=13140, stack(0x000000d3f7a00000,0x000000d3f7b00000)]
  0x000001df83ecd800 JavaThread "jar transforms Thread 91" [_thread_blocked, id=17324, stack(0x000000d3f7b00000,0x000000d3f7c00000)]
  0x000001df83ed1000 JavaThread "jar transforms Thread 92" [_thread_blocked, id=17164, stack(0x000000d3f7c00000,0x000000d3f7d00000)]
  0x000001df83ece800 JavaThread "jar transforms Thread 93" [_thread_blocked, id=5296, stack(0x000000d3f7d00000,0x000000d3f7e00000)]
  0x000001df83ed0000 JavaThread "jar transforms Thread 94" [_thread_blocked, id=5800, stack(0x000000d3f7e00000,0x000000d3f7f00000)]
  0x000001df83ecc000 JavaThread "Cache worker for Build Output Cleanup Cache (F:\6) POLITEKNIK NEGERI UJUNG PANDANG\1. TUGAS\PKM\2) PROJECT 2\PROJECT\SHARE_18\source_files\.gradle\buildOutputCleanup)" [_thread_blocked, id=5900, stack(0x000000d3f7f00000,0x000000d3f8000000)]
=>0x000001df836cf800 JavaThread "C2 CompilerThread1" daemon [_thread_in_native, id=5596, stack(0x000000d3f0400000,0x000000d3f0500000)]
  0x000001df83ed3800 JavaThread "Memory manager" [_thread_blocked, id=9428, stack(0x000000d3f8100000,0x000000d3f8200000)]
  0x000001df83ed6000 JavaThread "Cache worker for file content cache (F:\6) POLITEKNIK NEGERI UJUNG PANDANG\1. TUGAS\PKM\2) PROJECT 2\PROJECT\SHARE_18\source_files\.gradle\6.5\fileContent)" [_thread_blocked, id=11744, stack(0x000000d3f8200000,0x000000d3f8300000)]
  0x000001df83ed7800 JavaThread "Execution worker for ':'" [_thread_blocked, id=10844, stack(0x000000d3f8300000,0x000000d3f8400000)]
  0x000001df83ed8800 JavaThread "Execution worker for ':' Thread 2" [_thread_blocked, id=2900, stack(0x000000d3f8400000,0x000000d3f8500000)]
  0x000001df83ed6800 JavaThread "Execution worker for ':' Thread 3" [_thread_blocked, id=5672, stack(0x000000d3f8500000,0x000000d3f8600000)]
  0x000001df83ed2800 JavaThread "Execution worker for ':' Thread 4" [_thread_blocked, id=1472, stack(0x000000d3f8600000,0x000000d3f8700000)]
  0x000001df83ed9000 JavaThread "Execution worker for ':' Thread 5" [_thread_blocked, id=7640, stack(0x000000d3f8700000,0x000000d3f8800000)]
  0x000001df83eda000 JavaThread "Execution worker for ':' Thread 6" [_thread_blocked, id=5968, stack(0x000000d3f8800000,0x000000d3f8900000)]
  0x000001df83ed4000 JavaThread "Execution worker for ':' Thread 7" [_thread_blocked, id=10216, stack(0x000000d3f8900000,0x000000d3f8a00000)]
  0x000001df83ed5000 JavaThread "Cache worker for execution history cache (F:\6) POLITEKNIK NEGERI UJUNG PANDANG\1. TUGAS\PKM\2) PROJECT 2\PROJECT\SHARE_18\source_files\.gradle\6.5\executionHistory)" [_thread_blocked, id=4136, stack(0x000000d3f8a00000,0x000000d3f8b00000)]
  0x000001df85247000 JavaThread "WorkerExecutor Queue" [_thread_in_native, id=8604, stack(0x000000d3f8b00000,0x000000d3f8c00000)]
  0x000001df85248000 JavaThread "WorkerExecutor Queue Thread 2" [_thread_in_native, id=9940, stack(0x000000d3f8c00000,0x000000d3f8d00000)]
  0x000001df85244800 JavaThread "WorkerExecutor Queue Thread 3" [_thread_in_native, id=12060, stack(0x000000d3f8d00000,0x000000d3f8e00000)]
  0x000001df85249800 JavaThread "WorkerExecutor Queue Thread 4" [_thread_in_native, id=5940, stack(0x000000d3f8e00000,0x000000d3f8f00000)]
  0x000001df85245800 JavaThread "WorkerExecutor Queue Thread 5" [_thread_in_native, id=10404, stack(0x000000d3f8f00000,0x000000d3f9000000)]
  0x000001df85244000 JavaThread "WorkerExecutor Queue Thread 6" [_thread_blocked, id=272, stack(0x000000d3f9000000,0x000000d3f9100000)]
  0x000001df83814800 JavaThread "C2 CompilerThread2" daemon [_thread_in_native, id=11156, stack(0x000000d3f8000000,0x000000d3f8100000)]
  0x000001df85248800 JavaThread "WorkerExecutor Queue Thread 7" [_thread_blocked, id=18068, stack(0x000000d3f9100000,0x000000d3f9200000)]
  0x000001df8524a800 JavaThread "WorkerExecutor Queue Thread 8" [_thread_in_Java, id=2780, stack(0x000000d3f9200000,0x000000d3f9300000)]
  0x000001df85246000 JavaThread "Java2D Disposer" daemon [_thread_blocked, id=15652, stack(0x000000d3f9300000,0x000000d3f9400000)]
  0x000001df85251000 JavaThread "WorkerExecutor Queue Thread 9" [_thread_blocked, id=5484, stack(0x000000d3f9400000,0x000000d3f9500000)]

Other Threads:
  0x000001dffe93d800 VMThread "VM Thread" [stack: 0x000000d3eef00000,0x000000d3ef000000] [id=19060]
  0x000001dfff351000 WatcherThread [stack: 0x000000d3ef900000,0x000000d3efa00000] [id=19100]
  0x000001dfe463b800 GCTaskThread "GC Thread#0" [stack: 0x000000d3eea00000,0x000000d3eeb00000] [id=19040]
  0x000001df8009b800 GCTaskThread "GC Thread#1" [stack: 0x000000d3efb00000,0x000000d3efc00000] [id=19108]
  0x000001df80253800 GCTaskThread "GC Thread#2" [stack: 0x000000d3efc00000,0x000000d3efd00000] [id=19112]
  0x000001df80220000 GCTaskThread "GC Thread#3" [stack: 0x000000d3efd00000,0x000000d3efe00000] [id=19116]
  0x000001df81ccc000 GCTaskThread "GC Thread#4" [stack: 0x000000d3f0d00000,0x000000d3f0e00000] [id=19208]
  0x000001df81ccc800 GCTaskThread "GC Thread#5" [stack: 0x000000d3f0e00000,0x000000d3f0f00000] [id=19212]
  0x000001df81b4e000 GCTaskThread "GC Thread#6" [stack: 0x000000d3f0f00000,0x000000d3f1000000] [id=19216]
  0x000001df81b4f000 GCTaskThread "GC Thread#7" [stack: 0x000000d3f1000000,0x000000d3f1100000] [id=19220]
  0x000001dfe4670000 ConcurrentGCThread "G1 Main Marker" [stack: 0x000000d3eeb00000,0x000000d3eec00000] [id=19044]
  0x000001dfe4671800 ConcurrentGCThread "G1 Conc#0" [stack: 0x000000d3eec00000,0x000000d3eed00000] [id=19048]
  0x000001dfffd27000 ConcurrentGCThread "G1 Conc#1" [stack: 0x000000d3f1100000,0x000000d3f1200000] [id=19224]
  0x000001dfe46fe000 ConcurrentGCThread "G1 Refine#0" [stack: 0x000000d3eed00000,0x000000d3eee00000] [id=19052]
  0x000001df81790000 ConcurrentGCThread "G1 Refine#1" [stack: 0x000000d3f1200000,0x000000d3f1300000] [id=14744]
  0x000001dffe7a6800 ConcurrentGCThread "G1 Young RemSet Sampling" [stack: 0x000000d3eee00000,0x000000d3eef00000] [id=19056]

Threads with active compile tasks:
C2 CompilerThread0  20681 9483 % !   4       com.android.ide.common.resources.DataMerger::mergeData @ 247 (611 bytes)
C1 CompilerThread0  20681 10706       2       sun.java2d.SurfaceData::<init> (36 bytes)
C2 CompilerThread1  20681 10602       4       sun.java2d.marlin.DRenderer::_endRendering (2480 bytes)
C2 CompilerThread2  20681 10597       4       jdk.internal.math.FloatingDecimal$BinaryToASCIIBuffer::dtoa (1509 bytes)

VM state:not at safepoint (normal execution)

VM Mutex/Monitor currently owned by a thread: None

Heap address: 0x0000000080000000, size: 2048 MB, Compressed Oops mode: 32-bit
Narrow klass base: 0x0000000000000000, Narrow klass shift: 3
Compressed class space size: 1073741824 Address: 0x0000000100000000

Heap:
 garbage-first heap   total 236544K, used 205822K [0x0000000080000000, 0x0000000100000000)
  region size 1024K, 36 young (36864K), 4 survivors (4096K)
 Metaspace       used 80418K, capacity 82446K, committed 83072K, reserved 1122304K
  class space    used 10198K, capacity 10940K, committed 11136K, reserved 1048576K
Heap Regions: E=young(eden), S=young(survivor), O=old, HS=humongous(starts), HC=humongous(continues), CS=collection set, F=free, A=archive, TAMS=top-at-mark-start (previous, next)
|   0|0x0000000080000000, 0x0000000080100000, 0x0000000080100000|100%| O|  |TAMS 0x0000000080100000, 0x0000000080000000| Updating 
|   1|0x0000000080100000, 0x0000000080200000, 0x0000000080200000|100%| O|  |TAMS 0x0000000080200000, 0x0000000080100000| Updating 
|   2|0x0000000080200000, 0x0000000080300000, 0x0000000080300000|100%| O|  |TAMS 0x0000000080300000, 0x0000000080200000| Updating 
|   3|0x0000000080300000, 0x0000000080400000, 0x0000000080400000|100%|HS|  |TAMS 0x0000000080400000, 0x0000000080300000| Complete 
|   4|0x0000000080400000, 0x0000000080500000, 0x0000000080500000|100%|HC|  |TAMS 0x0000000080500000, 0x0000000080400000| Complete 
|   5|0x0000000080500000, 0x0000000080600000, 0x0000000080600000|100%|HC|  |TAMS 0x0000000080600000, 0x0000000080500000| Complete 
|   6|0x0000000080600000, 0x0000000080700000, 0x0000000080700000|100%| O|  |TAMS 0x0000000080700000, 0x0000000080600000| Updating 
|   7|0x0000000080700000, 0x0000000080800000, 0x0000000080800000|100%| O|  |TAMS 0x0000000080800000, 0x0000000080700000| Updating 
|   8|0x0000000080800000, 0x0000000080900000, 0x0000000080900000|100%| O|  |TAMS 0x0000000080900000, 0x0000000080800000| Updating 
|   9|0x0000000080900000, 0x0000000080a00000, 0x0000000080a00000|100%| O|  |TAMS 0x0000000080a00000, 0x0000000080900000| Updating 
|  10|0x0000000080a00000, 0x0000000080b00000, 0x0000000080b00000|100%| O|  |TAMS 0x0000000080b00000, 0x0000000080a00000| Updating 
|  11|0x0000000080b00000, 0x0000000080c00000, 0x0000000080c00000|100%| O|  |TAMS 0x0000000080c00000, 0x0000000080b00000| Updating 
|  12|0x0000000080c00000, 0x0000000080d00000, 0x0000000080d00000|100%| O|  |TAMS 0x0000000080d00000, 0x0000000080c00000| Updating 
|  13|0x0000000080d00000, 0x0000000080e00000, 0x0000000080e00000|100%| O|  |TAMS 0x0000000080e00000, 0x0000000080d00000| Updating 
|  14|0x0000000080e00000, 0x0000000080f00000, 0x0000000080f00000|100%| O|  |TAMS 0x0000000080f00000, 0x0000000080e00000| Updating 
|  15|0x0000000080f00000, 0x0000000081000000, 0x0000000081000000|100%| O|  |TAMS 0x0000000081000000, 0x0000000080f00000| Updating 
|  16|0x0000000081000000, 0x0000000081100000, 0x0000000081100000|100%|HS|  |TAMS 0x0000000081100000, 0x0000000081000000| Complete 
|  17|0x0000000081100000, 0x0000000081200000, 0x0000000081200000|100%|HS|  |TAMS 0x0000000081200000, 0x0000000081100000| Complete 
|  18|0x0000000081200000, 0x0000000081300000, 0x0000000081300000|100%|HC|  |TAMS 0x0000000081300000, 0x0000000081200000| Complete 
|  19|0x0000000081300000, 0x0000000081400000, 0x0000000081400000|100%| O|  |TAMS 0x0000000081400000, 0x0000000081300000| Updating 
|  20|0x0000000081400000, 0x0000000081500000, 0x0000000081500000|100%| O|  |TAMS 0x0000000081500000, 0x0000000081400000| Updating 
|  21|0x0000000081500000, 0x0000000081600000, 0x0000000081600000|100%| O|  |TAMS 0x0000000081600000, 0x0000000081500000| Updating 
|  22|0x0000000081600000, 0x0000000081700000, 0x0000000081700000|100%| O|  |TAMS 0x0000000081700000, 0x0000000081600000| Updating 
|  23|0x0000000081700000, 0x0000000081800000, 0x0000000081800000|100%| O|  |TAMS 0x0000000081800000, 0x0000000081700000| Updating 
|  24|0x0000000081800000, 0x0000000081900000, 0x0000000081900000|100%| O|  |TAMS 0x0000000081900000, 0x0000000081800000| Updating 
|  25|0x0000000081900000, 0x0000000081a00000, 0x0000000081a00000|100%| O|  |TAMS 0x0000000081a00000, 0x0000000081900000| Updating 
|  26|0x0000000081a00000, 0x0000000081b00000, 0x0000000081b00000|100%| O|  |TAMS 0x0000000081b00000, 0x0000000081a00000| Updating 
|  27|0x0000000081b00000, 0x0000000081c00000, 0x0000000081c00000|100%| O|  |TAMS 0x0000000081c00000, 0x0000000081b00000| Updating 
|  28|0x0000000081c00000, 0x0000000081d00000, 0x0000000081d00000|100%| O|  |TAMS 0x0000000081d00000, 0x0000000081c00000| Updating 
|  29|0x0000000081d00000, 0x0000000081e00000, 0x0000000081e00000|100%| O|  |TAMS 0x0000000081e00000, 0x0000000081d00000| Updating 
|  30|0x0000000081e00000, 0x0000000081f00000, 0x0000000081f00000|100%| O|  |TAMS 0x0000000081f00000, 0x0000000081e00000| Updating 
|  31|0x0000000081f00000, 0x0000000082000000, 0x0000000082000000|100%| O|  |TAMS 0x0000000082000000, 0x0000000081f00000| Updating 
|  32|0x0000000082000000, 0x0000000082100000, 0x0000000082100000|100%| O|  |TAMS 0x0000000082100000, 0x0000000082000000| Updating 
|  33|0x0000000082100000, 0x0000000082200000, 0x0000000082200000|100%| O|  |TAMS 0x0000000082200000, 0x0000000082100000| Updating 
|  34|0x0000000082200000, 0x0000000082300000, 0x0000000082300000|100%| O|  |TAMS 0x0000000082300000, 0x0000000082200000| Updating 
|  35|0x0000000082300000, 0x0000000082400000, 0x0000000082400000|100%| O|  |TAMS 0x0000000082400000, 0x0000000082300000| Updating 
|  36|0x0000000082400000, 0x0000000082500000, 0x0000000082500000|100%| O|  |TAMS 0x0000000082500000, 0x0000000082400000| Updating 
|  37|0x0000000082500000, 0x0000000082600000, 0x0000000082600000|100%| O|  |TAMS 0x0000000082600000, 0x0000000082500000| Updating 
|  38|0x0000000082600000, 0x0000000082700000, 0x0000000082700000|100%| O|  |TAMS 0x0000000082700000, 0x0000000082600000| Updating 
|  39|0x0000000082700000, 0x0000000082800000, 0x0000000082800000|100%| O|  |TAMS 0x0000000082800000, 0x0000000082700000| Updating 
|  40|0x0000000082800000, 0x0000000082900000, 0x0000000082900000|100%| O|  |TAMS 0x0000000082900000, 0x0000000082800000| Updating 
|  41|0x0000000082900000, 0x0000000082a00000, 0x0000000082a00000|100%| O|  |TAMS 0x0000000082a00000, 0x0000000082900000| Updating 
|  42|0x0000000082a00000, 0x0000000082b00000, 0x0000000082b00000|100%| O|  |TAMS 0x0000000082b00000, 0x0000000082a00000| Updating 
|  43|0x0000000082b00000, 0x0000000082c00000, 0x0000000082c00000|100%| O|  |TAMS 0x0000000082c00000, 0x0000000082b00000| Updating 
|  44|0x0000000082c00000, 0x0000000082d00000, 0x0000000082d00000|100%| O|  |TAMS 0x0000000082d00000, 0x0000000082c00000| Updating 
|  45|0x0000000082d00000, 0x0000000082e00000, 0x0000000082e00000|100%| O|  |TAMS 0x0000000082e00000, 0x0000000082d00000| Updating 
|  46|0x0000000082e00000, 0x0000000082f00000, 0x0000000082f00000|100%| O|  |TAMS 0x0000000082f00000, 0x0000000082e00000| Updating 
|  47|0x0000000082f00000, 0x0000000083000000, 0x0000000083000000|100%| O|  |TAMS 0x0000000083000000, 0x0000000082f00000| Updating 
|  48|0x0000000083000000, 0x0000000083100000, 0x0000000083100000|100%| O|  |TAMS 0x0000000083100000, 0x0000000083000000| Updating 
|  49|0x0000000083100000, 0x0000000083200000, 0x0000000083200000|100%| O|  |TAMS 0x0000000083200000, 0x0000000083100000| Updating 
|  50|0x0000000083200000, 0x0000000083300000, 0x0000000083300000|100%| O|  |TAMS 0x0000000083300000, 0x0000000083200000| Updating 
|  51|0x0000000083300000, 0x0000000083400000, 0x0000000083400000|100%| O|  |TAMS 0x0000000083400000, 0x0000000083300000| Updating 
|  52|0x0000000083400000, 0x0000000083500000, 0x0000000083500000|100%| O|  |TAMS 0x0000000083500000, 0x0000000083400000| Updating 
|  53|0x0000000083500000, 0x0000000083600000, 0x0000000083600000|100%| O|  |TAMS 0x0000000083600000, 0x0000000083500000| Updating 
|  54|0x0000000083600000, 0x0000000083700000, 0x0000000083700000|100%| O|  |TAMS 0x0000000083700000, 0x0000000083600000| Updating 
|  55|0x0000000083700000, 0x0000000083800000, 0x0000000083800000|100%| O|  |TAMS 0x0000000083800000, 0x0000000083700000| Updating 
|  56|0x0000000083800000, 0x0000000083900000, 0x0000000083900000|100%| O|  |TAMS 0x0000000083900000, 0x0000000083800000| Updating 
|  57|0x0000000083900000, 0x0000000083a00000, 0x0000000083a00000|100%| O|  |TAMS 0x0000000083a00000, 0x0000000083900000| Updating 
|  58|0x0000000083a00000, 0x0000000083b00000, 0x0000000083b00000|100%| O|  |TAMS 0x0000000083b00000, 0x0000000083a00000| Updating 
|  59|0x0000000083b00000, 0x0000000083c00000, 0x0000000083c00000|100%| O|  |TAMS 0x0000000083c00000, 0x0000000083b00000| Updating 
|  60|0x0000000083c00000, 0x0000000083d00000, 0x0000000083d00000|100%| O|  |TAMS 0x0000000083d00000, 0x0000000083c00000| Updating 
|  61|0x0000000083d00000, 0x0000000083e00000, 0x0000000083e00000|100%| O|  |TAMS 0x0000000083e00000, 0x0000000083d00000| Updating 
|  62|0x0000000083e00000, 0x0000000083f00000, 0x0000000083f00000|100%| O|  |TAMS 0x0000000083f00000, 0x0000000083e00000| Updating 
|  63|0x0000000083f00000, 0x0000000084000000, 0x0000000084000000|100%| O|  |TAMS 0x0000000084000000, 0x0000000083f00000| Updating 
|  64|0x0000000084000000, 0x0000000084100000, 0x0000000084100000|100%| O|  |TAMS 0x0000000084100000, 0x0000000084000000| Updating 
|  65|0x0000000084100000, 0x0000000084200000, 0x0000000084200000|100%|HS|  |TAMS 0x0000000084200000, 0x0000000084100000| Complete 
|  66|0x0000000084200000, 0x0000000084300000, 0x0000000084300000|100%|HS|  |TAMS 0x0000000084300000, 0x0000000084200000| Complete 
|  67|0x0000000084300000, 0x0000000084400000, 0x0000000084400000|100%| O|  |TAMS 0x0000000084400000, 0x0000000084300000| Updating 
|  68|0x0000000084400000, 0x0000000084500000, 0x0000000084500000|100%| O|  |TAMS 0x0000000084500000, 0x0000000084400000| Updating 
|  69|0x0000000084500000, 0x0000000084600000, 0x0000000084600000|100%| O|  |TAMS 0x0000000084600000, 0x0000000084500000| Updating 
|  70|0x0000000084600000, 0x0000000084700000, 0x0000000084700000|100%| O|  |TAMS 0x0000000084700000, 0x0000000084600000| Updating 
|  71|0x0000000084700000, 0x0000000084800000, 0x0000000084800000|100%| O|  |TAMS 0x0000000084800000, 0x0000000084700000| Updating 
|  72|0x0000000084800000, 0x0000000084900000, 0x0000000084900000|100%| O|  |TAMS 0x0000000084900000, 0x0000000084800000| Updating 
|  73|0x0000000084900000, 0x0000000084a00000, 0x0000000084a00000|100%| O|  |TAMS 0x0000000084a00000, 0x0000000084900000| Updating 
|  74|0x0000000084a00000, 0x0000000084b00000, 0x0000000084b00000|100%| O|  |TAMS 0x0000000084b00000, 0x0000000084a00000| Updating 
|  75|0x0000000084b00000, 0x0000000084c00000, 0x0000000084c00000|100%| O|  |TAMS 0x0000000084c00000, 0x0000000084b00000| Updating 
|  76|0x0000000084c00000, 0x0000000084d00000, 0x0000000084d00000|100%| O|  |TAMS 0x0000000084d00000, 0x0000000084c00000| Updating 
|  77|0x0000000084d00000, 0x0000000084e00000, 0x0000000084e00000|100%| O|  |TAMS 0x0000000084e00000, 0x0000000084d00000| Updating 
|  78|0x0000000084e00000, 0x0000000084f00000, 0x0000000084f00000|100%| O|  |TAMS 0x0000000084f00000, 0x0000000084e00000| Updating 
|  79|0x0000000084f00000, 0x0000000085000000, 0x0000000085000000|100%| O|  |TAMS 0x0000000085000000, 0x0000000084f00000| Updating 
|  80|0x0000000085000000, 0x0000000085100000, 0x0000000085100000|100%|HS|  |TAMS 0x0000000085100000, 0x0000000085000000| Complete 
|  81|0x0000000085100000, 0x0000000085200000, 0x0000000085200000|100%|HC|  |TAMS 0x0000000085200000, 0x0000000085100000| Complete 
|  82|0x0000000085200000, 0x0000000085300000, 0x0000000085300000|100%|HC|  |TAMS 0x0000000085300000, 0x0000000085200000| Complete 
|  83|0x0000000085300000, 0x0000000085400000, 0x0000000085400000|100%|HC|  |TAMS 0x0000000085400000, 0x0000000085300000| Complete 
|  84|0x0000000085400000, 0x0000000085500000, 0x0000000085500000|100%|HC|  |TAMS 0x0000000085500000, 0x0000000085400000| Complete 
|  85|0x0000000085500000, 0x0000000085600000, 0x0000000085600000|100%|HS|  |TAMS 0x0000000085600000, 0x0000000085500000| Complete 
|  86|0x0000000085600000, 0x0000000085700000, 0x0000000085700000|100%|HC|  |TAMS 0x0000000085700000, 0x0000000085600000| Complete 
|  87|0x0000000085700000, 0x0000000085800000, 0x0000000085800000|100%|HC|  |TAMS 0x0000000085800000, 0x0000000085700000| Complete 
|  88|0x0000000085800000, 0x0000000085900000, 0x0000000085900000|100%|HS|  |TAMS 0x0000000085900000, 0x0000000085800000| Complete 
|  89|0x0000000085900000, 0x00000000859d5200, 0x0000000085a00000| 83%| O|  |TAMS 0x00000000859d5200, 0x0000000085900000| Updating 
|  90|0x0000000085a00000, 0x0000000085b00000, 0x0000000085b00000|100%|HS|  |TAMS 0x0000000085a00000, 0x0000000085a00000| Complete 
|  91|0x0000000085b00000, 0x0000000085c00000, 0x0000000085c00000|100%|HS|  |TAMS 0x0000000085b00000, 0x0000000085b00000| Complete 
|  92|0x0000000085c00000, 0x0000000085d00000, 0x0000000085d00000|100%|HC|  |TAMS 0x0000000085c00000, 0x0000000085c00000| Complete 
|  93|0x0000000085d00000, 0x0000000085e00000, 0x0000000085e00000|100%|HC|  |TAMS 0x0000000085d00000, 0x0000000085d00000| Complete 
|  94|0x0000000085e00000, 0x0000000085f00000, 0x0000000085f00000|100%|HC|  |TAMS 0x0000000085e00000, 0x0000000085e00000| Complete 
|  95|0x0000000085f00000, 0x0000000086000000, 0x0000000086000000|100%|HC|  |TAMS 0x0000000085f00000, 0x0000000085f00000| Complete 
|  96|0x0000000086000000, 0x0000000086100000, 0x0000000086100000|100%|HS|  |TAMS 0x0000000086000000, 0x0000000086000000| Complete 
|  97|0x0000000086100000, 0x0000000086100000, 0x0000000086200000|  0%| F|  |TAMS 0x0000000086100000, 0x0000000086100000| Untracked 
|  98|0x0000000086200000, 0x0000000086200000, 0x0000000086300000|  0%| F|  |TAMS 0x0000000086200000, 0x0000000086200000| Untracked 
|  99|0x0000000086300000, 0x0000000086300000, 0x0000000086400000|  0%| F|  |TAMS 0x0000000086300000, 0x0000000086300000| Untracked 
| 100|0x0000000086400000, 0x0000000086400000, 0x0000000086500000|  0%| F|  |TAMS 0x0000000086400000, 0x0000000086400000| Untracked 
| 101|0x0000000086500000, 0x0000000086500000, 0x0000000086600000|  0%| F|  |TAMS 0x0000000086500000, 0x0000000086500000| Untracked 
| 102|0x0000000086600000, 0x0000000086600000, 0x0000000086700000|  0%| F|  |TAMS 0x0000000086600000, 0x0000000086600000| Untracked 
| 103|0x0000000086700000, 0x0000000086700000, 0x0000000086800000|  0%| F|  |TAMS 0x0000000086700000, 0x0000000086700000| Untracked 
| 104|0x0000000086800000, 0x0000000086900000, 0x0000000086900000|100%| O|  |TAMS 0x0000000086900000, 0x0000000086800000| Updating 
| 105|0x0000000086900000, 0x0000000086a00000, 0x0000000086a00000|100%| O|  |TAMS 0x0000000086a00000, 0x0000000086900000| Updating 
| 106|0x0000000086a00000, 0x0000000086b00000, 0x0000000086b00000|100%| O|  |TAMS 0x0000000086b00000, 0x0000000086a00000| Updating 
| 107|0x0000000086b00000, 0x0000000086c00000, 0x0000000086c00000|100%| O|  |TAMS 0x0000000086c00000, 0x0000000086b00000| Updating 
| 108|0x0000000086c00000, 0x0000000086d00000, 0x0000000086d00000|100%| O|  |TAMS 0x0000000086d00000, 0x0000000086c00000| Updating 
| 109|0x0000000086d00000, 0x0000000086e00000, 0x0000000086e00000|100%| O|  |TAMS 0x0000000086e00000, 0x0000000086d00000| Updating 
| 110|0x0000000086e00000, 0x0000000086f00000, 0x0000000086f00000|100%| O|  |TAMS 0x0000000086f00000, 0x0000000086e00000| Updating 
| 111|0x0000000086f00000, 0x0000000087000000, 0x0000000087000000|100%| O|  |TAMS 0x0000000087000000, 0x0000000086f00000| Updating 
| 112|0x0000000087000000, 0x0000000087100000, 0x0000000087100000|100%| O|  |TAMS 0x0000000087100000, 0x0000000087000000| Updating 
| 113|0x0000000087100000, 0x0000000087200000, 0x0000000087200000|100%| O|  |TAMS 0x0000000087200000, 0x0000000087100000| Updating 
| 114|0x0000000087200000, 0x0000000087300000, 0x0000000087300000|100%| O|  |TAMS 0x0000000087300000, 0x0000000087200000| Updating 
| 115|0x0000000087300000, 0x0000000087400000, 0x0000000087400000|100%| O|  |TAMS 0x0000000087400000, 0x0000000087300000| Updating 
| 116|0x0000000087400000, 0x0000000087500000, 0x0000000087500000|100%| O|  |TAMS 0x0000000087500000, 0x0000000087400000| Updating 
| 117|0x0000000087500000, 0x0000000087600000, 0x0000000087600000|100%|HS|  |TAMS 0x0000000087600000, 0x0000000087500000| Complete 
| 118|0x0000000087600000, 0x0000000087700000, 0x0000000087700000|100%|HC|  |TAMS 0x0000000087700000, 0x0000000087600000| Complete 
| 119|0x0000000087700000, 0x0000000087800000, 0x0000000087800000|100%|HC|  |TAMS 0x0000000087800000, 0x0000000087700000| Complete 
| 120|0x0000000087800000, 0x0000000087900000, 0x0000000087900000|100%|HC|  |TAMS 0x0000000087900000, 0x0000000087800000| Complete 
| 121|0x0000000087900000, 0x0000000087a00000, 0x0000000087a00000|100%|HC|  |TAMS 0x0000000087a00000, 0x0000000087900000| Complete 
| 122|0x0000000087a00000, 0x0000000087b00000, 0x0000000087b00000|100%|HC|  |TAMS 0x0000000087b00000, 0x0000000087a00000| Complete 
| 123|0x0000000087b00000, 0x0000000087c00000, 0x0000000087c00000|100%|HC|  |TAMS 0x0000000087c00000, 0x0000000087b00000| Complete 
| 124|0x0000000087c00000, 0x0000000087d00000, 0x0000000087d00000|100%|HC|  |TAMS 0x0000000087d00000, 0x0000000087c00000| Complete 
| 125|0x0000000087d00000, 0x0000000087e00000, 0x0000000087e00000|100%|HC|  |TAMS 0x0000000087e00000, 0x0000000087d00000| Complete 
| 126|0x0000000087e00000, 0x0000000087f00000, 0x0000000087f00000|100%|HC|  |TAMS 0x0000000087f00000, 0x0000000087e00000| Complete 
| 127|0x0000000087f00000, 0x0000000087f00000, 0x0000000088000000|  0%| F|  |TAMS 0x0000000087f00000, 0x0000000087f00000| Untracked 
| 128|0x0000000088000000, 0x0000000088100000, 0x0000000088100000|100%|HS|  |TAMS 0x0000000088100000, 0x0000000088000000| Complete 
| 129|0x0000000088100000, 0x0000000088200000, 0x0000000088200000|100%|HC|  |TAMS 0x0000000088200000, 0x0000000088100000| Complete 
| 130|0x0000000088200000, 0x0000000088300000, 0x0000000088300000|100%|HC|  |TAMS 0x0000000088300000, 0x0000000088200000| Complete 
| 131|0x0000000088300000, 0x0000000088400000, 0x0000000088400000|100%|HC|  |TAMS 0x0000000088400000, 0x0000000088300000| Complete 
| 132|0x0000000088400000, 0x0000000088500000, 0x0000000088500000|100%|HC|  |TAMS 0x0000000088500000, 0x0000000088400000| Complete 
| 133|0x0000000088500000, 0x0000000088600000, 0x0000000088600000|100%|HC|  |TAMS 0x0000000088600000, 0x0000000088500000| Complete 
| 134|0x0000000088600000, 0x0000000088700000, 0x0000000088700000|100%|HC|  |TAMS 0x0000000088700000, 0x0000000088600000| Complete 
| 135|0x0000000088700000, 0x0000000088800000, 0x0000000088800000|100%|HC|  |TAMS 0x0000000088800000, 0x0000000088700000| Complete 
| 136|0x0000000088800000, 0x0000000088900000, 0x0000000088900000|100%|HC|  |TAMS 0x0000000088900000, 0x0000000088800000| Complete 
| 137|0x0000000088900000, 0x0000000088a00000, 0x0000000088a00000|100%|HC|  |TAMS 0x0000000088a00000, 0x0000000088900000| Complete 
| 138|0x0000000088a00000, 0x0000000088b00000, 0x0000000088b00000|100%|HC|  |TAMS 0x0000000088b00000, 0x0000000088a00000| Complete 
| 139|0x0000000088b00000, 0x0000000088c00000, 0x0000000088c00000|100%|HC|  |TAMS 0x0000000088c00000, 0x0000000088b00000| Complete 
| 140|0x0000000088c00000, 0x0000000088d00000, 0x0000000088d00000|100%|HC|  |TAMS 0x0000000088d00000, 0x0000000088c00000| Complete 
| 141|0x0000000088d00000, 0x0000000088e00000, 0x0000000088e00000|100%|HS|  |TAMS 0x0000000088e00000, 0x0000000088d00000| Complete 
| 142|0x0000000088e00000, 0x0000000088f00000, 0x0000000088f00000|100%|HC|  |TAMS 0x0000000088f00000, 0x0000000088e00000| Complete 
| 143|0x0000000088f00000, 0x0000000089000000, 0x0000000089000000|100%|HC|  |TAMS 0x0000000089000000, 0x0000000088f00000| Complete 
| 144|0x0000000089000000, 0x0000000089100000, 0x0000000089100000|100%|HC|  |TAMS 0x0000000089100000, 0x0000000089000000| Complete 
| 145|0x0000000089100000, 0x0000000089200000, 0x0000000089200000|100%|HC|  |TAMS 0x0000000089200000, 0x0000000089100000| Complete 
| 146|0x0000000089200000, 0x0000000089300000, 0x0000000089300000|100%|HC|  |TAMS 0x0000000089300000, 0x0000000089200000| Complete 
| 147|0x0000000089300000, 0x0000000089400000, 0x0000000089400000|100%|HC|  |TAMS 0x0000000089400000, 0x0000000089300000| Complete 
| 148|0x0000000089400000, 0x0000000089500000, 0x0000000089500000|100%|HC|  |TAMS 0x0000000089500000, 0x0000000089400000| Complete 
| 149|0x0000000089500000, 0x0000000089600000, 0x0000000089600000|100%|HC|  |TAMS 0x0000000089600000, 0x0000000089500000| Complete 
| 150|0x0000000089600000, 0x0000000089700000, 0x0000000089700000|100%|HC|  |TAMS 0x0000000089700000, 0x0000000089600000| Complete 
| 151|0x0000000089700000, 0x0000000089800000, 0x0000000089800000|100%|HC|  |TAMS 0x0000000089800000, 0x0000000089700000| Complete 
| 152|0x0000000089800000, 0x0000000089900000, 0x0000000089900000|100%|HC|  |TAMS 0x0000000089900000, 0x0000000089800000| Complete 
| 153|0x0000000089900000, 0x0000000089a00000, 0x0000000089a00000|100%|HC|  |TAMS 0x0000000089a00000, 0x0000000089900000| Complete 
| 154|0x0000000089a00000, 0x0000000089b00000, 0x0000000089b00000|100%|HC|  |TAMS 0x0000000089b00000, 0x0000000089a00000| Complete 
| 155|0x0000000089b00000, 0x0000000089c00000, 0x0000000089c00000|100%|HC|  |TAMS 0x0000000089c00000, 0x0000000089b00000| Complete 
| 156|0x0000000089c00000, 0x0000000089d00000, 0x0000000089d00000|100%|HC|  |TAMS 0x0000000089d00000, 0x0000000089c00000| Complete 
| 157|0x0000000089d00000, 0x0000000089e00000, 0x0000000089e00000|100%|HC|  |TAMS 0x0000000089e00000, 0x0000000089d00000| Complete 
| 158|0x0000000089e00000, 0x0000000089e00000, 0x0000000089f00000|  0%| F|  |TAMS 0x0000000089e00000, 0x0000000089e00000| Untracked 
| 159|0x0000000089f00000, 0x0000000089f00000, 0x000000008a000000|  0%| F|  |TAMS 0x0000000089f00000, 0x0000000089f00000| Untracked 
| 160|0x000000008a000000, 0x000000008a000000, 0x000000008a100000|  0%| F|  |TAMS 0x000000008a000000, 0x000000008a000000| Untracked 
| 161|0x000000008a100000, 0x000000008a100000, 0x000000008a200000|  0%| F|  |TAMS 0x000000008a100000, 0x000000008a100000| Untracked 
| 162|0x000000008a200000, 0x000000008a200000, 0x000000008a300000|  0%| F|  |TAMS 0x000000008a200000, 0x000000008a200000| Untracked 
| 163|0x000000008a300000, 0x000000008a32a620, 0x000000008a400000| 16%| S|CS|TAMS 0x000000008a300000, 0x000000008a300000| Complete 
| 164|0x000000008a400000, 0x000000008a500000, 0x000000008a500000|100%| S|CS|TAMS 0x000000008a400000, 0x000000008a400000| Complete 
| 165|0x000000008a500000, 0x000000008a600000, 0x000000008a600000|100%| S|CS|TAMS 0x000000008a500000, 0x000000008a500000| Complete 
| 166|0x000000008a600000, 0x000000008a700000, 0x000000008a700000|100%| S|CS|TAMS 0x000000008a600000, 0x000000008a600000| Complete 
| 167|0x000000008a700000, 0x000000008a700000, 0x000000008a800000|  0%| F|  |TAMS 0x000000008a700000, 0x000000008a700000| Untracked 
| 168|0x000000008a800000, 0x000000008a800000, 0x000000008a900000|  0%| F|  |TAMS 0x000000008a800000, 0x000000008a800000| Untracked 
| 169|0x000000008a900000, 0x000000008a900000, 0x000000008aa00000|  0%| F|  |TAMS 0x000000008a900000, 0x000000008a900000| Untracked 
| 170|0x000000008aa00000, 0x000000008aa00000, 0x000000008ab00000|  0%| F|  |TAMS 0x000000008aa00000, 0x000000008aa00000| Untracked 
| 171|0x000000008ab00000, 0x000000008ab00000, 0x000000008ac00000|  0%| F|  |TAMS 0x000000008ab00000, 0x000000008ab00000| Untracked 
| 172|0x000000008ac00000, 0x000000008ac00000, 0x000000008ad00000|  0%| F|  |TAMS 0x000000008ac00000, 0x000000008ac00000| Untracked 
| 173|0x000000008ad00000, 0x000000008ad00000, 0x000000008ae00000|  0%| F|  |TAMS 0x000000008ad00000, 0x000000008ad00000| Untracked 
| 174|0x000000008ae00000, 0x000000008ae00000, 0x000000008af00000|  0%| F|  |TAMS 0x000000008ae00000, 0x000000008ae00000| Untracked 
| 175|0x000000008af00000, 0x000000008af00000, 0x000000008b000000|  0%| F|  |TAMS 0x000000008af00000, 0x000000008af00000| Untracked 
| 176|0x000000008b000000, 0x000000008b000000, 0x000000008b100000|  0%| F|  |TAMS 0x000000008b000000, 0x000000008b000000| Untracked 
| 177|0x000000008b100000, 0x000000008b200000, 0x000000008b200000|100%|HS|  |TAMS 0x000000008b200000, 0x000000008b100000| Complete 
| 178|0x000000008b200000, 0x000000008b300000, 0x000000008b300000|100%|HC|  |TAMS 0x000000008b300000, 0x000000008b200000| Complete 
| 179|0x000000008b300000, 0x000000008b400000, 0x000000008b400000|100%|HC|  |TAMS 0x000000008b400000, 0x000000008b300000| Complete 
| 180|0x000000008b400000, 0x000000008b500000, 0x000000008b500000|100%|HC|  |TAMS 0x000000008b500000, 0x000000008b400000| Complete 
| 181|0x000000008b500000, 0x000000008b600000, 0x000000008b600000|100%|HC|  |TAMS 0x000000008b600000, 0x000000008b500000| Complete 
| 182|0x000000008b600000, 0x000000008b700000, 0x000000008b700000|100%|HC|  |TAMS 0x000000008b700000, 0x000000008b600000| Complete 
| 183|0x000000008b700000, 0x000000008b800000, 0x000000008b800000|100%|HC|  |TAMS 0x000000008b800000, 0x000000008b700000| Complete 
| 184|0x000000008b800000, 0x000000008b900000, 0x000000008b900000|100%|HC|  |TAMS 0x000000008b900000, 0x000000008b800000| Complete 
| 185|0x000000008b900000, 0x000000008ba00000, 0x000000008ba00000|100%|HC|  |TAMS 0x000000008ba00000, 0x000000008b900000| Complete 
| 186|0x000000008ba00000, 0x000000008bb00000, 0x000000008bb00000|100%|HC|  |TAMS 0x000000008bb00000, 0x000000008ba00000| Complete 
| 187|0x000000008bb00000, 0x000000008bc00000, 0x000000008bc00000|100%|HC|  |TAMS 0x000000008bc00000, 0x000000008bb00000| Complete 
| 188|0x000000008bc00000, 0x000000008bd00000, 0x000000008bd00000|100%|HC|  |TAMS 0x000000008bd00000, 0x000000008bc00000| Complete 
| 189|0x000000008bd00000, 0x000000008be00000, 0x000000008be00000|100%|HC|  |TAMS 0x000000008be00000, 0x000000008bd00000| Complete 
| 190|0x000000008be00000, 0x000000008bf00000, 0x000000008bf00000|100%|HC|  |TAMS 0x000000008bf00000, 0x000000008be00000| Complete 
| 191|0x000000008bf00000, 0x000000008c000000, 0x000000008c000000|100%|HC|  |TAMS 0x000000008c000000, 0x000000008bf00000| Complete 
| 192|0x000000008c000000, 0x000000008c100000, 0x000000008c100000|100%|HC|  |TAMS 0x000000008c100000, 0x000000008c000000| Complete 
| 193|0x000000008c100000, 0x000000008c200000, 0x000000008c200000|100%|HC|  |TAMS 0x000000008c200000, 0x000000008c100000| Complete 
| 194|0x000000008c200000, 0x000000008c200000, 0x000000008c300000|  0%| F|  |TAMS 0x000000008c200000, 0x000000008c200000| Untracked 
| 195|0x000000008c300000, 0x000000008c300000, 0x000000008c400000|  0%| F|  |TAMS 0x000000008c300000, 0x000000008c300000| Untracked 
| 196|0x000000008c400000, 0x000000008c400000, 0x000000008c500000|  0%| F|  |TAMS 0x000000008c400000, 0x000000008c400000| Untracked 
| 197|0x000000008c500000, 0x000000008c500000, 0x000000008c600000|  0%| F|  |TAMS 0x000000008c500000, 0x000000008c500000| Untracked 
| 198|0x000000008c600000, 0x000000008c700000, 0x000000008c700000|100%| E|  |TAMS 0x000000008c600000, 0x000000008c600000| Complete 
| 199|0x000000008c700000, 0x000000008c800000, 0x000000008c800000|100%| E|CS|TAMS 0x000000008c700000, 0x000000008c700000| Complete 
| 200|0x000000008c800000, 0x000000008c900000, 0x000000008c900000|100%| E|CS|TAMS 0x000000008c800000, 0x000000008c800000| Complete 
| 201|0x000000008c900000, 0x000000008ca00000, 0x000000008ca00000|100%| E|CS|TAMS 0x000000008c900000, 0x000000008c900000| Complete 
| 202|0x000000008ca00000, 0x000000008cb00000, 0x000000008cb00000|100%| E|CS|TAMS 0x000000008ca00000, 0x000000008ca00000| Complete 
| 203|0x000000008cb00000, 0x000000008cc00000, 0x000000008cc00000|100%| E|CS|TAMS 0x000000008cb00000, 0x000000008cb00000| Complete 
| 204|0x000000008cc00000, 0x000000008cd00000, 0x000000008cd00000|100%| E|CS|TAMS 0x000000008cc00000, 0x000000008cc00000| Complete 
| 205|0x000000008cd00000, 0x000000008ce00000, 0x000000008ce00000|100%| E|CS|TAMS 0x000000008cd00000, 0x000000008cd00000| Complete 
| 206|0x000000008ce00000, 0x000000008cf00000, 0x000000008cf00000|100%| E|CS|TAMS 0x000000008ce00000, 0x000000008ce00000| Complete 
| 207|0x000000008cf00000, 0x000000008d000000, 0x000000008d000000|100%| E|CS|TAMS 0x000000008cf00000, 0x000000008cf00000| Complete 
| 208|0x000000008d000000, 0x000000008d100000, 0x000000008d100000|100%| E|CS|TAMS 0x000000008d000000, 0x000000008d000000| Complete 
| 209|0x000000008d100000, 0x000000008d200000, 0x000000008d200000|100%| E|CS|TAMS 0x000000008d100000, 0x000000008d100000| Complete 
| 210|0x000000008d200000, 0x000000008d300000, 0x000000008d300000|100%| E|CS|TAMS 0x000000008d200000, 0x000000008d200000| Complete 
| 211|0x000000008d300000, 0x000000008d400000, 0x000000008d400000|100%| E|CS|TAMS 0x000000008d300000, 0x000000008d300000| Complete 
| 212|0x000000008d400000, 0x000000008d500000, 0x000000008d500000|100%| E|CS|TAMS 0x000000008d400000, 0x000000008d400000| Complete 
| 213|0x000000008d500000, 0x000000008d600000, 0x000000008d600000|100%| E|CS|TAMS 0x000000008d500000, 0x000000008d500000| Complete 
| 214|0x000000008d600000, 0x000000008d700000, 0x000000008d700000|100%| E|CS|TAMS 0x000000008d600000, 0x000000008d600000| Complete 
| 215|0x000000008d700000, 0x000000008d800000, 0x000000008d800000|100%| E|CS|TAMS 0x000000008d700000, 0x000000008d700000| Complete 
| 216|0x000000008d800000, 0x000000008d900000, 0x000000008d900000|100%| E|CS|TAMS 0x000000008d800000, 0x000000008d800000| Complete 
| 217|0x000000008d900000, 0x000000008da00000, 0x000000008da00000|100%| E|CS|TAMS 0x000000008d900000, 0x000000008d900000| Complete 
| 218|0x000000008da00000, 0x000000008db00000, 0x000000008db00000|100%| E|CS|TAMS 0x000000008da00000, 0x000000008da00000| Complete 
| 219|0x000000008db00000, 0x000000008dc00000, 0x000000008dc00000|100%| E|CS|TAMS 0x000000008db00000, 0x000000008db00000| Complete 
| 220|0x000000008dc00000, 0x000000008dd00000, 0x000000008dd00000|100%| E|CS|TAMS 0x000000008dc00000, 0x000000008dc00000| Complete 
| 221|0x000000008dd00000, 0x000000008de00000, 0x000000008de00000|100%| E|CS|TAMS 0x000000008dd00000, 0x000000008dd00000| Complete 
| 222|0x000000008de00000, 0x000000008df00000, 0x000000008df00000|100%| E|CS|TAMS 0x000000008de00000, 0x000000008de00000| Complete 
| 223|0x000000008df00000, 0x000000008e000000, 0x000000008e000000|100%| E|CS|TAMS 0x000000008df00000, 0x000000008df00000| Complete 
| 224|0x000000008e000000, 0x000000008e100000, 0x000000008e100000|100%| E|CS|TAMS 0x000000008e000000, 0x000000008e000000| Complete 
| 225|0x000000008e100000, 0x000000008e200000, 0x000000008e200000|100%| E|CS|TAMS 0x000000008e100000, 0x000000008e100000| Complete 
| 226|0x000000008e200000, 0x000000008e300000, 0x000000008e300000|100%| E|CS|TAMS 0x000000008e200000, 0x000000008e200000| Complete 
| 227|0x000000008e300000, 0x000000008e400000, 0x000000008e400000|100%| E|CS|TAMS 0x000000008e300000, 0x000000008e300000| Complete 
| 228|0x000000008e400000, 0x000000008e500000, 0x000000008e500000|100%| E|CS|TAMS 0x000000008e400000, 0x000000008e400000| Complete 
| 229|0x000000008e500000, 0x000000008e600000, 0x000000008e600000|100%| E|CS|TAMS 0x000000008e500000, 0x000000008e500000| Complete 
| 230|0x000000008e600000, 0x000000008e700000, 0x000000008e700000|100%| E|CS|TAMS 0x000000008e600000, 0x000000008e600000| Complete 

Card table byte_map: [0x000001dff76d0000,0x000001dff7ad0000] _byte_map_base: 0x000001dff72d0000

Marking Bits (Prev, Next): (CMBitMap*) 0x000001dfe46670c0, (CMBitMap*) 0x000001dfe4667088
 Prev Bits: [0x000001dff9ed0000, 0x000001dffbed0000)
 Next Bits: [0x000001dff7ed0000, 0x000001dff9ed0000)

Polling page: 0x000001dfe3e00000

Metaspace:

Usage:
  Non-class:     69.89 MB capacity,    68.58 MB ( 98%) used,     1.11 MB (  2%) free+waste,   204.50 KB ( <1%) overhead. 
      Class:     10.68 MB capacity,     9.96 MB ( 93%) used,   647.38 KB (  6%) free+waste,    93.94 KB ( <1%) overhead. 
       Both:     80.58 MB capacity,    78.54 MB ( 97%) used,     1.75 MB (  2%) free+waste,   298.44 KB ( <1%) overhead. 

Virtual space:
  Non-class space:       72.00 MB reserved,      70.25 MB ( 98%) committed 
      Class space:        1.00 GB reserved,      10.88 MB (  1%) committed 
             Both:        1.07 GB reserved,      81.13 MB (  7%) committed 

Chunk freelists:
   Non-Class:  302.00 KB
       Class:  132.00 KB
        Both:  434.00 KB

MaxMetaspaceSize: 17179869184.00 GB
CompressedClassSpaceSize: 1.00 GB

CodeHeap 'non-profiled nmethods': size=120000Kb used=5997Kb max_used=6324Kb free=114002Kb
 bounds [0x000001dfefa70000, 0x000001dff00a0000, 0x000001dff6fa0000]
CodeHeap 'profiled nmethods': size=120000Kb used=21733Kb max_used=22573Kb free=98266Kb
 bounds [0x000001dfe8540000, 0x000001dfe9b50000, 0x000001dfefa70000]
CodeHeap 'non-nmethods': size=5760Kb used=2329Kb max_used=2378Kb free=3430Kb
 bounds [0x000001dfe7fa0000, 0x000001dfe8210000, 0x000001dfe8540000]
 total_blobs=10799 nmethods=9840 adapters=870
 compilation: enabled
              stopped_count=0, restarted_count=0
 full_count=0

Compilation events (20 events):
Event: 20.302 Thread 0x000001dfff1de000 nmethod 10608 0x000001dfe85dad10 code [0x000001dfe85daec0, 0x000001dfe85dafe8]
Event: 20.302 Thread 0x000001dfff1de000 10609       2       sun.java2d.marlin.DCurve::dyRoots (18 bytes)
Event: 20.302 Thread 0x000001dfff1de000 nmethod 10609 0x000001dfe85da910 code [0x000001dfe85daac0, 0x000001dfe85dabe8]
Event: 20.302 Thread 0x000001dfff1de000 10610       2       sun.java2d.marlin.DCurve::infPoints (77 bytes)
Event: 20.303 Thread 0x000001dfff1de000 nmethod 10610 0x000001dfe85e7290 code [0x000001dfe85e7460, 0x000001dfe85e75e8]
Event: 20.303 Thread 0x000001dfff1de000 10611       2       sun.java2d.marlin.DCurve::rootsOfROCMinusW (150 bytes)
Event: 20.304 Thread 0x000001dfff1de000 nmethod 10611 0x000001dfe85fc490 code [0x000001dfe85fc680, 0x000001dfe85fcab8]
Event: 20.312 Thread 0x000001dfff1de000 10612       2       jdk.internal.math.FDBigInteger::leftShift (50 bytes)
Event: 20.313 Thread 0x000001dfff1de000 nmethod 10612 0x000001dfe85e8d90 code [0x000001dfe85e8f40, 0x000001dfe85e9118]
Event: 20.313 Thread 0x000001dfff1de000 10613       3       jdk.internal.math.FDBigInteger::multDiffMe (297 bytes)
Event: 20.315 Thread 0x000001dfff1de000 nmethod 10613 0x000001dfe8605210 code [0x000001dfe8605420, 0x000001dfe8605b78]
Event: 20.344 Thread 0x000001dfff1de000 10615       2       com.google.common.io.Closer::create (11 bytes)
Event: 20.345 Thread 0x000001dfff1de000 nmethod 10615 0x000001dfe85e9910 code [0x000001dfe85e9ae0, 0x000001dfe85e9d68]
Event: 20.373 Thread 0x000001dfff1de000 10618       2       sun.java2d.marlin.DTransformingPathConsumer2D$DeltaScaleFilter::moveTo (22 bytes)
Event: 20.373 Thread 0x000001dfff1de000 nmethod 10618 0x000001dfe85e6e10 code [0x000001dfe85e6fc0, 0x000001dfe85e7108]
Event: 20.375 Thread 0x000001dfff1de000 10619       1       java.awt.BasicStroke::getEndCap (5 bytes)
Event: 20.375 Thread 0x000001dfff1de000 nmethod 10619 0x000001dfefad3710 code [0x000001dfefad38c0, 0x000001dfefad3978]
Event: 20.389 Thread 0x000001dfff1de000 10620       1       java.awt.BasicStroke::getLineJoin (5 bytes)
Event: 20.389 Thread 0x000001dfff1de000 nmethod 10620 0x000001dfefad3410 code [0x000001dfefad35c0, 0x000001dfefad3678]
Event: 20.389 Thread 0x000001dfff1de000 10621       1       java.awt.BasicStroke::getMiterLimit (5 bytes)

GC Heap History (20 events):
Event: 12.373 GC heap before
{Heap before GC invocations=11 (full 0):
 garbage-first heap   total 196608K, used 133120K [0x0000000080000000, 0x0000000100000000)
  region size 1024K, 90 young (92160K), 11 survivors (11264K)
 Metaspace       used 71219K, capacity 72947K, committed 73216K, reserved 1112064K
  class space    used 9311K, capacity 9925K, committed 9984K, reserved 1048576K
}
Event: 12.398 GC heap after
{Heap after GC invocations=12 (full 0):
 garbage-first heap   total 236544K, used 58451K [0x0000000080000000, 0x0000000100000000)
  region size 1024K, 6 young (6144K), 6 survivors (6144K)
 Metaspace       used 71219K, capacity 72947K, committed 73216K, reserved 1112064K
  class space    used 9311K, capacity 9925K, committed 9984K, reserved 1048576K
}
Event: 14.394 GC heap before
{Heap before GC invocations=12 (full 0):
 garbage-first heap   total 236544K, used 151635K [0x0000000080000000, 0x0000000100000000)
  region size 1024K, 98 young (100352K), 6 survivors (6144K)
 Metaspace       used 74428K, capacity 76328K, committed 76544K, reserved 1116160K
  class space    used 9735K, capacity 10452K, committed 10496K, reserved 1048576K
}
Event: 14.404 GC heap after
{Heap after GC invocations=13 (full 0):
 garbage-first heap   total 236544K, used 67481K [0x0000000080000000, 0x0000000100000000)
  region size 1024K, 13 young (13312K), 13 survivors (13312K)
 Metaspace       used 74428K, capacity 76328K, committed 76544K, reserved 1116160K
  class space    used 9735K, capacity 10452K, committed 10496K, reserved 1048576K
}
Event: 16.119 GC heap before
{Heap before GC invocations=13 (full 0):
 garbage-first heap   total 236544K, used 160665K [0x0000000080000000, 0x0000000100000000)
  region size 1024K, 105 young (107520K), 13 survivors (13312K)
 Metaspace       used 76274K, capacity 78369K, committed 78592K, reserved 1118208K
  class space    used 9901K, capacity 10649K, committed 10752K, reserved 1048576K
}
Event: 16.135 GC heap after
{Heap after GC invocations=14 (full 0):
 garbage-first heap   total 236544K, used 75490K [0x0000000080000000, 0x0000000100000000)
  region size 1024K, 10 young (10240K), 10 survivors (10240K)
 Metaspace       used 76274K, capacity 78369K, committed 78592K, reserved 1118208K
  class space    used 9901K, capacity 10649K, committed 10752K, reserved 1048576K
}
Event: 17.202 GC heap before
{Heap before GC invocations=14 (full 0):
 garbage-first heap   total 236544K, used 169698K [0x0000000080000000, 0x0000000100000000)
  region size 1024K, 101 young (103424K), 10 survivors (10240K)
 Metaspace       used 79855K, capacity 81982K, committed 82304K, reserved 1120256K
  class space    used 10243K, capacity 11053K, committed 11136K, reserved 1048576K
}
Event: 17.221 GC heap after
{Heap after GC invocations=15 (full 0):
 garbage-first heap   total 236544K, used 94667K [0x0000000080000000, 0x0000000100000000)
  region size 1024K, 13 young (13312K), 13 survivors (13312K)
 Metaspace       used 79855K, capacity 81982K, committed 82304K, reserved 1120256K
  class space    used 10243K, capacity 11053K, committed 11136K, reserved 1048576K
}
Event: 17.765 GC heap before
{Heap before GC invocations=15 (full 0):
 garbage-first heap   total 236544K, used 161227K [0x0000000080000000, 0x0000000100000000)
  region size 1024K, 56 young (57344K), 13 survivors (13312K)
 Metaspace       used 80280K, capacity 82430K, committed 82560K, reserved 1120256K
  class space    used 10265K, capacity 11065K, committed 11136K, reserved 1048576K
}
Event: 17.785 GC heap after
{Heap after GC invocations=16 (full 0):
 garbage-first heap   total 236544K, used 119430K [0x0000000080000000, 0x0000000100000000)
  region size 1024K, 3 young (3072K), 3 survivors (3072K)
 Metaspace       used 80280K, capacity 82430K, committed 82560K, reserved 1120256K
  class space    used 10265K, capacity 11065K, committed 11136K, reserved 1048576K
}
Event: 18.292 GC heap before
{Heap before GC invocations=17 (full 0):
 garbage-first heap   total 236544K, used 155270K [0x0000000080000000, 0x0000000100000000)
  region size 1024K, 34 young (34816K), 3 survivors (3072K)
 Metaspace       used 80123K, capacity 82195K, committed 82816K, reserved 1120256K
  class space    used 10196K, capacity 10941K, committed 11136K, reserved 1048576K
}
Event: 18.303 GC heap after
{Heap after GC invocations=18 (full 0):
 garbage-first heap   total 236544K, used 125136K [0x0000000080000000, 0x0000000100000000)
  region size 1024K, 3 young (3072K), 3 survivors (3072K)
 Metaspace       used 80123K, capacity 82195K, committed 82816K, reserved 1120256K
  class space    used 10196K, capacity 10941K, committed 11136K, reserved 1048576K
}
Event: 18.732 GC heap before
{Heap before GC invocations=19 (full 0):
 garbage-first heap   total 236544K, used 163024K [0x0000000080000000, 0x0000000100000000)
  region size 1024K, 35 young (35840K), 3 survivors (3072K)
 Metaspace       used 80170K, capacity 82253K, committed 82816K, reserved 1120256K
  class space    used 10196K, capacity 10940K, committed 11136K, reserved 1048576K
}
Event: 18.745 GC heap after
{Heap after GC invocations=20 (full 0):
 garbage-first heap   total 236544K, used 122553K [0x0000000080000000, 0x0000000100000000)
  region size 1024K, 3 young (3072K), 3 survivors (3072K)
 Metaspace       used 80170K, capacity 82253K, committed 82816K, reserved 1120256K
  class space    used 10196K, capacity 10940K, committed 11136K, reserved 1048576K
}
Event: 19.198 GC heap before
{Heap before GC invocations=21 (full 0):
 garbage-first heap   total 236544K, used 165561K [0x0000000080000000, 0x0000000100000000)
  region size 1024K, 39 young (39936K), 3 survivors (3072K)
 Metaspace       used 80213K, capacity 82317K, committed 82816K, reserved 1120256K
  class space    used 10197K, capacity 10940K, committed 11136K, reserved 1048576K
}
Event: 19.215 GC heap after
{Heap after GC invocations=22 (full 0):
 garbage-first heap   total 236544K, used 124035K [0x0000000080000000, 0x0000000100000000)
  region size 1024K, 4 young (4096K), 4 survivors (4096K)
 Metaspace       used 80213K, capacity 82317K, committed 82816K, reserved 1120256K
  class space    used 10197K, capacity 10940K, committed 11136K, reserved 1048576K
}
Event: 19.863 GC heap before
{Heap before GC invocations=23 (full 0):
 garbage-first heap   total 236544K, used 203907K [0x0000000080000000, 0x0000000100000000)
  region size 1024K, 54 young (55296K), 4 survivors (4096K)
 Metaspace       used 80297K, capacity 82381K, committed 83072K, reserved 1122304K
  class space    used 10198K, capacity 10940K, committed 11136K, reserved 1048576K
}
Event: 19.877 GC heap after
{Heap after GC invocations=24 (full 0):
 garbage-first heap   total 236544K, used 138562K [0x0000000080000000, 0x0000000100000000)
  region size 1024K, 5 young (5120K), 5 survivors (5120K)
 Metaspace       used 80297K, capacity 82381K, committed 83072K, reserved 1122304K
  class space    used 10198K, capacity 10940K, committed 11136K, reserved 1048576K
}
Event: 20.350 GC heap before
{Heap before GC invocations=25 (full 0):
 garbage-first heap   total 236544K, used 218434K [0x0000000080000000, 0x0000000100000000)
  region size 1024K, 47 young (48128K), 5 survivors (5120K)
 Metaspace       used 80350K, capacity 82381K, committed 83072K, reserved 1122304K
  class space    used 10198K, capacity 10940K, committed 11136K, reserved 1048576K
}
Event: 20.368 GC heap after
{Heap after GC invocations=26 (full 0):
 garbage-first heap   total 236544K, used 166910K [0x0000000080000000, 0x0000000100000000)
  region size 1024K, 4 young (4096K), 4 survivors (4096K)
 Metaspace       used 80350K, capacity 82381K, committed 83072K, reserved 1122304K
  class space    used 10198K, capacity 10940K, committed 11136K, reserved 1048576K
}

Deoptimization events (20 events):
Event: 20.323 Thread 0x000001df85247000 DEOPT PACKING pc=0x000001dfe9a1ba9d sp=0x000000d3f8bfd9a0
Event: 20.323 Thread 0x000001df85247000 DEOPT UNPACKING pc=0x000001dfe7fc72ce sp=0x000000d3f8bfcd68 mode 0
Event: 20.326 Thread 0x000001df85247000 DEOPT PACKING pc=0x000001dfe9a1b5f0 sp=0x000000d3f8bfd990
Event: 20.326 Thread 0x000001df85247000 DEOPT UNPACKING pc=0x000001dfe7fc72ce sp=0x000000d3f8bfcd58 mode 0
Event: 20.329 Thread 0x000001df85247000 DEOPT PACKING pc=0x000001dfe9a1b9cc sp=0x000000d3f8bfd9d0
Event: 20.329 Thread 0x000001df85247000 DEOPT UNPACKING pc=0x000001dfe7fc72ce sp=0x000000d3f8bfcd98 mode 0
Event: 20.330 Thread 0x000001df85247000 DEOPT PACKING pc=0x000001dfe9a1ba9d sp=0x000000d3f8bfd9a0
Event: 20.330 Thread 0x000001df85247000 DEOPT UNPACKING pc=0x000001dfe7fc72ce sp=0x000000d3f8bfcd68 mode 0
Event: 20.331 Thread 0x000001df85247000 DEOPT PACKING pc=0x000001dfe9a1b9cc sp=0x000000d3f8bfd9a0
Event: 20.331 Thread 0x000001df85247000 DEOPT UNPACKING pc=0x000001dfe7fc72ce sp=0x000000d3f8bfcd68 mode 0
Event: 20.334 Thread 0x000001df85244800 DEOPT PACKING pc=0x000001dfe9a1b5f0 sp=0x000000d3f8dfd480
Event: 20.334 Thread 0x000001df85244800 DEOPT UNPACKING pc=0x000001dfe7fc72ce sp=0x000000d3f8dfc848 mode 0
Event: 20.338 Thread 0x000001df85244800 DEOPT PACKING pc=0x000001dfe9a1b5f0 sp=0x000000d3f8dfd440
Event: 20.339 Thread 0x000001df85244800 DEOPT UNPACKING pc=0x000001dfe7fc72ce sp=0x000000d3f8dfc808 mode 0
Event: 20.347 Thread 0x000001df85251000 DEOPT PACKING pc=0x000001dfe9b2066e sp=0x000000d3f94fd2e0
Event: 20.347 Thread 0x000001df85251000 DEOPT UNPACKING pc=0x000001dfe7fc72ce sp=0x000000d3f94fc810 mode 0
Event: 20.347 Thread 0x000001df85251000 DEOPT PACKING pc=0x000001dfe98c835c sp=0x000000d3f94fd2e0
Event: 20.347 Thread 0x000001df85251000 DEOPT UNPACKING pc=0x000001dfe7fc72ce sp=0x000000d3f94fc818 mode 0
Event: 20.374 Thread 0x000001df85251000 DEOPT PACKING pc=0x000001dfe9a1b5f0 sp=0x000000d3f94fd3c0
Event: 20.374 Thread 0x000001df85251000 DEOPT UNPACKING pc=0x000001dfe7fc72ce sp=0x000000d3f94fc788 mode 0

Classes redefined (0 events):
No events

Internal exceptions (20 events):
Event: 16.930 Thread 0x000001df83eda000 Exception <a 'java/lang/NoSuchMethodError'{0x000000008a32d5e8}: <clinit>> (0x000000008a32d5e8) thrown at [./src/hotspot/share/prims/jni.cpp, line 1362]
Event: 16.932 Thread 0x000001df83eda000 Exception <a 'java/lang/NoSuchMethodError'{0x000000008a33cbd0}: <clinit>> (0x000000008a33cbd0) thrown at [./src/hotspot/share/prims/jni.cpp, line 1362]
Event: 16.939 Thread 0x000001df83eda000 Exception <a 'java/lang/NoSuchMethodError'{0x000000008a3a3a78}: <clinit>> (0x000000008a3a3a78) thrown at [./src/hotspot/share/prims/jni.cpp, line 1362]
Event: 16.940 Thread 0x000001df83eda000 Exception <a 'java/lang/NoSuchMethodError'{0x000000008a3a5f88}: <clinit>> (0x000000008a3a5f88) thrown at [./src/hotspot/share/prims/jni.cpp, line 1362]
Event: 16.940 Thread 0x000001df83eda000 Exception <a 'java/lang/NoSuchMethodError'{0x000000008a3aa608}: <clinit>> (0x000000008a3aa608) thrown at [./src/hotspot/share/prims/jni.cpp, line 1362]
Event: 16.940 Thread 0x000001df83eda000 Exception <a 'java/lang/NoSuchMethodError'{0x000000008a3b56c0}: <clinit>> (0x000000008a3b56c0) thrown at [./src/hotspot/share/prims/jni.cpp, line 1362]
Event: 16.947 Thread 0x000001df83eda000 Exception <a 'java/lang/NoSuchMethodError'{0x000000008a20cd58}: <clinit>> (0x000000008a20cd58) thrown at [./src/hotspot/share/prims/jni.cpp, line 1362]
Event: 16.950 Thread 0x000001df83eda000 Exception <a 'java/lang/NoSuchMethodError'{0x000000008a240b48}: <clinit>> (0x000000008a240b48) thrown at [./src/hotspot/share/prims/jni.cpp, line 1362]
Event: 16.952 Thread 0x000001df83eda000 Exception <a 'java/lang/NoSuchMethodError'{0x000000008a26e780}: <clinit>> (0x000000008a26e780) thrown at [./src/hotspot/share/prims/jni.cpp, line 1362]
Event: 16.952 Thread 0x000001df83eda000 Exception <a 'java/lang/NoSuchMethodError'{0x000000008a271be8}: <clinit>> (0x000000008a271be8) thrown at [./src/hotspot/share/prims/jni.cpp, line 1362]
Event: 16.952 Thread 0x000001df83eda000 Exception <a 'java/lang/NoSuchMethodError'{0x000000008a274858}: <clinit>> (0x000000008a274858) thrown at [./src/hotspot/share/prims/jni.cpp, line 1362]
Event: 16.953 Thread 0x000001df83eda000 Exception <a 'java/lang/NoSuchMethodError'{0x000000008a28a5c8}: <clinit>> (0x000000008a28a5c8) thrown at [./src/hotspot/share/prims/jni.cpp, line 1362]
Event: 16.954 Thread 0x000001df83eda000 Exception <a 'java/lang/NoSuchMethodError'{0x000000008a29f648}: <clinit>> (0x000000008a29f648) thrown at [./src/hotspot/share/prims/jni.cpp, line 1362]
Event: 16.955 Thread 0x000001df83eda000 Exception <a 'java/lang/NoSuchMethodError'{0x000000008a2bdb48}: <clinit>> (0x000000008a2bdb48) thrown at [./src/hotspot/share/prims/jni.cpp, line 1362]
Event: 16.957 Thread 0x000001df83eda000 Exception <a 'java/lang/NoSuchMethodError'{0x000000008a2cf118}: <clinit>> (0x000000008a2cf118) thrown at [./src/hotspot/share/prims/jni.cpp, line 1362]
Event: 17.037 Thread 0x000001df85249800 Exception <a 'java/lang/ClassNotFoundException'{0x0000000089c7a750}: sun/awt/resources/spi/awtProvider> (0x0000000089c7a750) thrown at [./src/hotspot/share/classfile/systemDictionary.cpp, line 231]
Event: 17.046 Thread 0x000001df85249800 Exception <a 'java/io/FileNotFoundException'{0x0000000089b1a550}> (0x0000000089b1a550) thrown at [./src/hotspot/share/prims/jni.cpp, line 615]
Event: 17.046 Thread 0x000001df85249800 Exception <a 'java/io/FileNotFoundException'{0x0000000089b1d6d0}> (0x0000000089b1d6d0) thrown at [./src/hotspot/share/prims/jni.cpp, line 615]
Event: 17.101 Thread 0x000001df83eda000 Exception <a 'java/lang/NoSuchMethodError'{0x000000008978b4e0}: <clinit>> (0x000000008978b4e0) thrown at [./src/hotspot/share/prims/jni.cpp, line 1362]
Event: 17.534 Thread 0x000001df83eda000 Implicit null exception at 0x000001dfeffb92d2 to 0x000001dfeffb98ac

Events (20 events):
Event: 19.541 Thread 0x000001dfff1e3000 flushing nmethod 0x000001dfe8e55790
Event: 19.551 Thread 0x000001dfff1e3000 flushing nmethod 0x000001dfe985ee10
Event: 19.620 Executing VM operation: CGC_Operation
Event: 19.621 Executing VM operation: CGC_Operation done
Event: 19.862 Executing VM operation: G1CollectForAllocation
Event: 19.863 Executing VM operation: G1CollectForAllocation done
Event: 19.863 Executing VM operation: G1CollectForAllocation
Event: 19.878 Executing VM operation: G1CollectForAllocation done
Event: 19.880 Executing VM operation: G1CollectForAllocation
Event: 19.880 Executing VM operation: G1CollectForAllocation done
Event: 20.135 Executing VM operation: CGC_Operation
Event: 20.144 Executing VM operation: CGC_Operation done
Event: 20.282 Executing VM operation: CGC_Operation
Event: 20.283 Executing VM operation: CGC_Operation done
Event: 20.349 Executing VM operation: G1CollectForAllocation
Event: 20.350 Executing VM operation: G1CollectForAllocation done
Event: 20.350 Executing VM operation: G1CollectForAllocation
Event: 20.368 Executing VM operation: G1CollectForAllocation done
Event: 20.368 Executing VM operation: G1CollectForAllocation
Event: 20.369 Executing VM operation: G1CollectForAllocation done


Dynamic libraries:
0x00007ff7e2f30000 - 0x00007ff7e2f3a000 	C:\Program Files\Android\Android Studio\jre\bin\java.exe
0x00007ffe1a5d0000 - 0x00007ffe1a7c5000 	C:\WINDOWS\SYSTEM32\ntdll.dll
0x00007ffe109e0000 - 0x00007ffe109f3000 	C:\Program Files\AVAST Software\Avast\aswhook.dll
0x00007ffe188e0000 - 0x00007ffe1899d000 	C:\WINDOWS\System32\KERNEL32.DLL
0x00007ffe17f30000 - 0x00007ffe181f9000 	C:\WINDOWS\System32\KERNELBASE.dll
0x00007ffe18490000 - 0x00007ffe18590000 	C:\WINDOWS\System32\ucrtbase.dll
0x00007ffdf8200000 - 0x00007ffdf8219000 	C:\Program Files\Android\Android Studio\jre\bin\jli.dll
0x00007ffe191b0000 - 0x00007ffe19350000 	C:\WINDOWS\System32\USER32.dll
0x00007ffe17d10000 - 0x00007ffe17d32000 	C:\WINDOWS\System32\win32u.dll
0x00007ffe18800000 - 0x00007ffe1882a000 	C:\WINDOWS\System32\GDI32.dll
0x00007ffe18200000 - 0x00007ffe1830b000 	C:\WINDOWS\System32\gdi32full.dll
0x00007ffe18310000 - 0x00007ffe183ad000 	C:\WINDOWS\System32\msvcp_win.dll
0x00007ffdf22c0000 - 0x00007ffdf22d7000 	C:\Program Files\Android\Android Studio\jre\bin\VCRUNTIME140.dll
0x00007ffe17130000 - 0x00007ffe173ca000 	C:\WINDOWS\WinSxS\amd64_microsoft.windows.common-controls_6595b64144ccf1df_6.0.19041.1110_none_60b5254171f9507e\COMCTL32.dll
0x00007ffe1a1b0000 - 0x00007ffe1a24e000 	C:\WINDOWS\System32\msvcrt.dll
0x00007ffe18640000 - 0x00007ffe18670000 	C:\WINDOWS\System32\IMM32.DLL
0x00007ffdf1b40000 - 0x00007ffdf1bdd000 	C:\Program Files\Android\Android Studio\jre\bin\msvcp140.dll
0x00007ffd7b6c0000 - 0x00007ffd7c17c000 	C:\Program Files\Android\Android Studio\jre\bin\server\jvm.dll
0x00007ffe19950000 - 0x00007ffe199fc000 	C:\WINDOWS\System32\ADVAPI32.dll
0x00007ffe198b0000 - 0x00007ffe1994b000 	C:\WINDOWS\System32\sechost.dll
0x00007ffe18670000 - 0x00007ffe1879a000 	C:\WINDOWS\System32\RPCRT4.dll
0x00007ffe191a0000 - 0x00007ffe191a8000 	C:\WINDOWS\System32\PSAPI.DLL
0x00007ffe05540000 - 0x00007ffe05549000 	C:\WINDOWS\SYSTEM32\WSOCK32.dll
0x00007ffe19840000 - 0x00007ffe198ab000 	C:\WINDOWS\System32\WS2_32.dll
0x00007ffe036f0000 - 0x00007ffe03717000 	C:\WINDOWS\SYSTEM32\WINMM.dll
0x00007ffe11310000 - 0x00007ffe1131a000 	C:\WINDOWS\SYSTEM32\VERSION.dll
0x00007ffe15f80000 - 0x00007ffe15f92000 	C:\WINDOWS\SYSTEM32\kernel.appcore.dll
0x00007ffe12ec0000 - 0x00007ffe12ed1000 	C:\Program Files\Android\Android Studio\jre\bin\verify.dll
0x00007ffe17740000 - 0x00007ffe17924000 	C:\WINDOWS\SYSTEM32\DBGHELP.DLL
0x00007ffe174f0000 - 0x00007ffe1751c000 	C:\WINDOWS\SYSTEM32\dbgcore.DLL
0x00007ffe183b0000 - 0x00007ffe18433000 	C:\WINDOWS\System32\bcryptPrimitives.dll
0x00007ffe12680000 - 0x00007ffe126a9000 	C:\Program Files\Android\Android Studio\jre\bin\java.dll
0x00007ffe12eb0000 - 0x00007ffe12ebb000 	C:\Program Files\Android\Android Studio\jre\bin\jimage.dll
0x00007ffe12d50000 - 0x00007ffe12d68000 	C:\Program Files\Android\Android Studio\jre\bin\zip.dll
0x00007ffe19a70000 - 0x00007ffe1a1af000 	C:\WINDOWS\System32\SHELL32.dll
0x00007ffe15610000 - 0x00007ffe15da1000 	C:\WINDOWS\SYSTEM32\windows.storage.dll
0x00007ffe18c60000 - 0x00007ffe18fb5000 	C:\WINDOWS\System32\combase.dll
0x00007ffe17090000 - 0x00007ffe170bc000 	C:\WINDOWS\SYSTEM32\Wldp.dll
0x00007ffe18830000 - 0x00007ffe188de000 	C:\WINDOWS\System32\SHCORE.dll
0x00007ffe187a0000 - 0x00007ffe187f5000 	C:\WINDOWS\System32\shlwapi.dll
0x00007ffe17c50000 - 0x00007ffe17c6f000 	C:\WINDOWS\SYSTEM32\profapi.dll
0x00007ffe126c0000 - 0x00007ffe126da000 	C:\Program Files\Android\Android Studio\jre\bin\net.dll
0x00007ffe06900000 - 0x00007ffe06a0a000 	C:\WINDOWS\SYSTEM32\WINHTTP.dll
0x00007ffe16f60000 - 0x00007ffe16fca000 	C:\WINDOWS\system32\mswsock.dll
0x00007ffe00b70000 - 0x00007ffe00b84000 	C:\Program Files\Android\Android Studio\jre\bin\nio.dll
0x00007ffdf1930000 - 0x00007ffdf1957000 	C:\Users\HP\.gradle\native\f6784746aeab05261644944871eae4fe03e0ef1612fff0a4a95f87b438bc6780\windows-amd64\native-platform.dll
0x00007ffe109a0000 - 0x00007ffe109aa000 	C:\Program Files\Android\Android Studio\jre\bin\management.dll
0x00007ffe0f650000 - 0x00007ffe0f65c000 	C:\Program Files\Android\Android Studio\jre\bin\management_ext.dll
0x00007ffe17aa0000 - 0x00007ffe17ab8000 	C:\WINDOWS\SYSTEM32\CRYPTSP.dll
0x00007ffe167b0000 - 0x00007ffe167e4000 	C:\WINDOWS\system32\rsaenh.dll
0x00007ffe17da0000 - 0x00007ffe17dc7000 	C:\WINDOWS\System32\bcrypt.dll
0x00007ffe17bd0000 - 0x00007ffe17bfe000 	C:\WINDOWS\SYSTEM32\USERENV.dll
0x00007ffe17050000 - 0x00007ffe1705c000 	C:\WINDOWS\SYSTEM32\CRYPTBASE.dll
0x00007ffe16ae0000 - 0x00007ffe16b1b000 	C:\WINDOWS\SYSTEM32\IPHLPAPI.DLL
0x00007ffe19a00000 - 0x00007ffe19a08000 	C:\WINDOWS\System32\NSI.dll
0x00007ffe11320000 - 0x00007ffe11337000 	C:\WINDOWS\SYSTEM32\dhcpcsvc6.DLL
0x00007ffe112c0000 - 0x00007ffe112dd000 	C:\WINDOWS\SYSTEM32\dhcpcsvc.DLL
0x00007ffe16b20000 - 0x00007ffe16bec000 	C:\WINDOWS\SYSTEM32\DNSAPI.dll
0x00007ffe11750000 - 0x00007ffe1175b000 	C:\WINDOWS\SYSTEM32\WINNSI.DLL
0x00007ffdeccb0000 - 0x00007ffdece52000 	C:\Program Files\Android\Android Studio\jre\bin\awt.dll
0x00007ffe190a0000 - 0x00007ffe1916d000 	C:\WINDOWS\System32\OLEAUT32.dll
0x00007ffe15220000 - 0x00007ffe1524f000 	C:\WINDOWS\SYSTEM32\dwmapi.dll
0x00007ffe14f80000 - 0x00007ffe15010000 	C:\WINDOWS\SYSTEM32\apphelp.dll
0x00007ffe15050000 - 0x00007ffe150ee000 	C:\WINDOWS\system32\uxtheme.dll

dbghelp: loaded successfully - version: 4.0.5 - missing functions: none
symbol engine: initialized successfully - sym options: 0x614 - pdb path: .;C:\Program Files\Android\Android Studio\jre\bin;C:\WINDOWS\SYSTEM32;C:\Program Files\AVAST Software\Avast;C:\WINDOWS\WinSxS\amd64_microsoft.windows.common-controls_6595b64144ccf1df_6.0.19041.1110_none_60b5254171f9507e;C:\Program Files\Android\Android Studio\jre\bin\server;C:\Users\HP\.gradle\native\f6784746aeab05261644944871eae4fe03e0ef1612fff0a4a95f87b438bc6780\windows-amd64

VM Arguments:
jvm_args: --add-opens=java.base/java.util=ALL-UNNAMED --add-opens=java.base/java.lang=ALL-UNNAMED --add-opens=java.base/java.lang.invoke=ALL-UNNAMED --add-opens=java.prefs/java.util.prefs=ALL-UNNAMED -Xmx2048m -Dfile.encoding=UTF-8 -Duser.country=ID -Duser.language=en -Duser.variant 
java_command: org.gradle.launcher.daemon.bootstrap.GradleDaemon 6.5
java_class_path (initial): C:\Users\HP\.gradle\wrapper\dists\gradle-6.5-bin\6nifqtx7604sqp1q6g8wikw7p\gradle-6.5\lib\gradle-launcher-6.5.jar
Launcher Type: SUN_STANDARD

[Global flags]
     intx CICompilerCount                          = 4                                         {product} {ergonomic}
     uint ConcGCThreads                            = 2                                         {product} {ergonomic}
     uint G1ConcRefinementThreads                  = 8                                         {product} {ergonomic}
   size_t G1HeapRegionSize                         = 1048576                                   {product} {ergonomic}
    uintx GCDrainStackTargetSize                   = 64                                        {product} {ergonomic}
   size_t InitialHeapSize                          = 201326592                                 {product} {ergonomic}
   size_t MarkStackSize                            = 4194304                                   {product} {ergonomic}
   size_t MaxHeapSize                              = 2147483648                                {product} {command line}
   size_t MaxNewSize                               = 1287651328                                {product} {ergonomic}
   size_t MinHeapDeltaBytes                        = 1048576                                   {product} {ergonomic}
    uintx NonNMethodCodeHeapSize                   = 5836300                                {pd product} {ergonomic}
    uintx NonProfiledCodeHeapSize                  = 122910970                              {pd product} {ergonomic}
    uintx ProfiledCodeHeapSize                     = 122910970                              {pd product} {ergonomic}
    uintx ReservedCodeCacheSize                    = 251658240                              {pd product} {ergonomic}
     bool SegmentedCodeCache                       = true                                      {product} {ergonomic}
     bool UseCompressedClassPointers               = true                                 {lp64_product} {ergonomic}
     bool UseCompressedOops                        = true                                 {lp64_product} {ergonomic}
     bool UseG1GC                                  = true                                      {product} {ergonomic}
     bool UseLargePagesIndividualAllocation        = false                                  {pd product} {ergonomic}

Logging:
Log output configuration:
 #0: stdout all=warning uptime,level,tags
 #1: stderr all=off uptime,level,tags

Environment Variables:
JAVA_HOME=C:\Program Files\Java\jdk-11.0.8
PATH=C:\Program Files (x86)\IntelSWTools\system_studio_2020\OpenCL\sdk\bin\x64;C:\Program Files (x86)\IntelSWTools\system_studio_2020\OpenCL\sdk\bin\x86;C:\Program Files (x86)\Common Files\Oracle\Java\javapath;C:\Program Files (x86)\Common Files\Intel\Shared Libraries\redist\intel64\compiler;C:\Program Files\Common Files\Oracle\Java\javapath;C:\Program Files (x86)\Intel\iCLS Client\;C:\Program Files\Intel\iCLS Client\;C:\WINDOWS\system32;C:\WINDOWS;C:\WINDOWS\System32\Wbem;C:\WINDOWS\System32\WindowsPowerShell\v1.0\;C:\WINDOWS\System32\OpenSSH\;C:\FPC\3.0.4\bin\i386-Win32;C:\Program Files (x86)\Intel\Intel(R) Management Engine Components\DAL;C:\Program Files\Intel\Intel(R) Management Engine Components\DAL;C:\Program Files (x86)\Intel\Intel(R) Management Engine Components\IPT;C:\Program Files\Intel\Intel(R) Management Engine Components\IPT;C:\Program Files (x86)\QT Lite\QTSystem;C:\Program Files\Intel\WiFi\bin\;C:\Program Files\Common Files\Intel\WirelessCommon\;C:\Program Files (x86)\QT Lite\QTSystem\;C:\Program Files\Java\jdk-11.0.8\bin;C:\Program Files\Common Files\Autodesk Shared\;C:\Program Files\Microsoft SQL Server\120\Tools\Binn\;F:\7) DATA DOWNLOAD\EASEUS TODO\Todo Backup\bin;C:\Program Files\nodejs\;C:\Program Files\CMake\bin;C:\Program Files\Microsoft SQL Server\130\Tools\Binn\;C:\Program Files\FLIR Systems\Spinnaker\bin64\vs2015;C:\Program Files\FLIR Systems\Spinnaker\bin\vs2015;C:\Program Files\Point Grey Research\GTKmm\gtk64\bin;C:\Program Files\Point Grey Research\GTKmm\gtk\bin;C:\Program Files\TortoiseSVN\bin;C:\Program Files\Git\cmd;C:\Gradle\gradle-7.1\bin;C:\Users\HP\AppData\Local\Programs\Python\Python39\Scripts\;C:\Users\HP\AppData\Local\Programs\Python\Python39\;C:\Users\HP\AppData\Local\Microsoft\WindowsApps;C:\Users\HP\AppData\Roaming\Dashlane\4.6.8.25848\bin\Firefox_Extension\{442718d9-475e-452a-b3e1-fb1ee16b8e9f}\components;C:\Program Files\Intel\WiFi\bin\;C:\Program Files\Common Files\Intel\WirelessCommon\;C:\Users\HP\AppData\Local\Programs\Mi
USERNAME=HP
OS=Windows_NT
PROCESSOR_IDENTIFIER=Intel64 Family 6 Model 142 Stepping 10, GenuineIntel



---------------  S Y S T E M  ---------------

OS: Windows 10 , 64 bit Build 19041 (10.0.19041.1023)
OS uptime: 0 days 4:21 hours

CPU:total 8 (initial active 8) (4 cores per cpu, 2 threads per core) family 6 model 142 stepping 10, cmov, cx8, fxsr, mmx, sse, sse2, sse3, ssse3, sse4.1, sse4.2, popcnt, avx, avx2, aes, clmul, erms, 3dnowpref, lzcnt, ht, tsc, tscinvbit, bmi1, bmi2, adx, fma

Memory: 4k page, system-wide physical 12174M (3297M free)
TotalPageFile size 23438M (AvailPageFile size 10299M)
current process WorkingSet (physical memory assigned to process): 498M, peak: 499M
current process commit charge ("private bytes"): 537M, peak: 538M

vm_info: OpenJDK 64-Bit Server VM (11.0.8+10-b944.6842174) for windows-amd64 JRE (11.0.8+10-b944.6842174), built on Sep 19 2020 01:11:42 by "builder" with MS VC++ 14.0 (VS2015)

END.
